{"numFailedTestSuites":8,"numFailedTests":18,"numPassedTestSuites":11,"numPassedTests":140,"numPendingTestSuites":0,"numPendingTests":0,"numRuntimeErrorTestSuites":5,"numTodoTests":0,"numTotalTestSuites":19,"numTotalTests":158,"openHandles":[],"snapshot":{"added":0,"didUpdate":false,"failure":false,"filesAdded":0,"filesRemoved":0,"filesRemovedList":[],"filesUnmatched":0,"filesUpdated":0,"matched":0,"total":0,"unchecked":0,"uncheckedKeysByFile":[],"unmatched":0,"updated":0},"startTime":1775153093889,"success":false,"testResults":[{"assertionResults":[{"ancestorTitles":["Learning Route Acceptance Tests","Authentication"],"duration":454,"failureDetails":[],"failureMessages":[],"fullName":"Learning Route Acceptance Tests Authentication featured-categories rejects unauthenticated requests","invocations":1,"location":null,"numPassingAsserts":1,"retryReasons":[],"status":"passed","title":"featured-categories rejects unauthenticated requests"},{"ancestorTitles":["Learning Route Acceptance Tests","Authentication"],"duration":313,"failureDetails":[],"failureMessages":[],"fullName":"Learning Route Acceptance Tests Authentication questions rejects unauthenticated requests","invocations":1,"location":null,"numPassingAsserts":1,"retryReasons":[],"status":"passed","title":"questions rejects unauthenticated requests"},{"ancestorTitles":["Learning Route Acceptance Tests","Authentication"],"duration":306,"failureDetails":[],"failureMessages":[],"fullName":"Learning Route Acceptance Tests Authentication rejects expired session in DB","invocations":1,"location":null,"numPassingAsserts":2,"retryReasons":[],"status":"passed","title":"rejects expired session in DB"},{"ancestorTitles":["Learning Route Acceptance Tests","Authentication"],"duration":236,"failureDetails":[],"failureMessages":[],"fullName":"Learning Route Acceptance Tests Authentication rejects session-user mismatch","invocations":1,"location":null,"numPassingAsserts":2,"retryReasons":[],"status":"passed","title":"rejects session-user mismatch"},{"ancestorTitles":["Learning Route Acceptance Tests","Authentication"],"duration":286,"failureDetails":[],"failureMessages":[],"fullName":"Learning Route Acceptance Tests Authentication rejects invalid JWT signature","invocations":1,"location":null,"numPassingAsserts":2,"retryReasons":[],"status":"passed","title":"rejects invalid JWT signature"},{"ancestorTitles":["Learning Route Acceptance Tests","Authentication"],"duration":278,"failureDetails":[],"failureMessages":[],"fullName":"Learning Route Acceptance Tests Authentication rejects expired JWT token (exp claim)","invocations":1,"location":null,"numPassingAsserts":2,"retryReasons":[],"status":"passed","title":"rejects expired JWT token (exp claim)"},{"ancestorTitles":["Learning Route Acceptance Tests","GET /api/learning/featured-categories"],"duration":308,"failureDetails":[],"failureMessages":[],"fullName":"Learning Route Acceptance Tests GET /api/learning/featured-categories returns only featured categories with question counts","invocations":1,"location":null,"numPassingAsserts":6,"retryReasons":[],"status":"passed","title":"returns only featured categories with question counts"},{"ancestorTitles":["Learning Route Acceptance Tests","GET /api/learning/featured-categories"],"duration":258,"failureDetails":[],"failureMessages":[],"fullName":"Learning Route Acceptance Tests GET /api/learning/featured-categories returns categories in deterministic order (name asc)","invocations":1,"location":null,"numPassingAsserts":2,"retryReasons":[],"status":"passed","title":"returns categories in deterministic order (name asc)"},{"ancestorTitles":["Learning Route Acceptance Tests","GET /api/learning/featured-categories"],"duration":387,"failureDetails":[],"failureMessages":[],"fullName":"Learning Route Acceptance Tests GET /api/learning/featured-categories returns empty array when no featured categories exist","invocations":1,"location":null,"numPassingAsserts":2,"retryReasons":[],"status":"passed","title":"returns empty array when no featured categories exist"},{"ancestorTitles":["Learning Route Acceptance Tests","GET /api/learning/featured-categories"],"duration":247,"failureDetails":[],"failureMessages":[],"fullName":"Learning Route Acceptance Tests GET /api/learning/featured-categories returns 405 for POST to featured-categories","invocations":1,"location":null,"numPassingAsserts":1,"retryReasons":[],"status":"passed","title":"returns 405 for POST to featured-categories"},{"ancestorTitles":["Learning Route Acceptance Tests","GET /api/learning/featured-categories"],"duration":282,"failureDetails":[],"failureMessages":[],"fullName":"Learning Route Acceptance Tests GET /api/learning/featured-categories returns 405 for DELETE to featured-categories","invocations":1,"location":null,"numPassingAsserts":1,"retryReasons":[],"status":"passed","title":"returns 405 for DELETE to featured-categories"},{"ancestorTitles":["Learning Route Acceptance Tests","POST /api/learning/questions"],"duration":260,"failureDetails":[],"failureMessages":[],"fullName":"Learning Route Acceptance Tests POST /api/learning/questions returns formatted questions for given IDs","invocations":1,"location":null,"numPassingAsserts":3,"retryReasons":[],"status":"passed","title":"returns formatted questions for given IDs"},{"ancestorTitles":["Learning Route Acceptance Tests","POST /api/learning/questions"],"duration":293,"failureDetails":[],"failureMessages":[],"fullName":"Learning Route Acceptance Tests POST /api/learning/questions returns 400 if ids is not an array","invocations":1,"location":null,"numPassingAsserts":1,"retryReasons":[],"status":"passed","title":"returns 400 if ids is not an array"},{"ancestorTitles":["Learning Route Acceptance Tests","POST /api/learning/questions"],"duration":272,"failureDetails":[],"failureMessages":[],"fullName":"Learning Route Acceptance Tests POST /api/learning/questions returns empty array for empty ids","invocations":1,"location":null,"numPassingAsserts":2,"retryReasons":[],"status":"passed","title":"returns empty array for empty ids"},{"ancestorTitles":["Learning Route Acceptance Tests","POST /api/learning/questions"],"duration":285,"failureDetails":[],"failureMessages":[],"fullName":"Learning Route Acceptance Tests POST /api/learning/questions ignores non-existent ids","invocations":1,"location":null,"numPassingAsserts":2,"retryReasons":[],"status":"passed","title":"ignores non-existent ids"},{"ancestorTitles":["Learning Route Acceptance Tests","POST /api/learning/questions"],"duration":255,"failureDetails":[],"failureMessages":[],"fullName":"Learning Route Acceptance Tests POST /api/learning/questions handles duplicate ids","invocations":1,"location":null,"numPassingAsserts":4,"retryReasons":[],"status":"passed","title":"handles duplicate ids"},{"ancestorTitles":["Learning Route Acceptance Tests","POST /api/learning/questions"],"duration":311,"failureDetails":[],"failureMessages":[],"fullName":"Learning Route Acceptance Tests POST /api/learning/questions returns questions in deterministic order (id asc)","invocations":1,"location":null,"numPassingAsserts":2,"retryReasons":[],"status":"passed","title":"returns questions in deterministic order (id asc)"},{"ancestorTitles":["Learning Route Acceptance Tests","POST /api/learning/questions"],"duration":249,"failureDetails":[],"failureMessages":[],"fullName":"Learning Route Acceptance Tests POST /api/learning/questions rejects invalid id types","invocations":1,"location":null,"numPassingAsserts":1,"retryReasons":[],"status":"passed","title":"rejects invalid id types"},{"ancestorTitles":["Learning Route Acceptance Tests","POST /api/learning/questions"],"duration":281,"failureDetails":[],"failureMessages":[],"fullName":"Learning Route Acceptance Tests POST /api/learning/questions enforces maximum 50 questions limit","invocations":1,"location":null,"numPassingAsserts":2,"retryReasons":[],"status":"passed","title":"enforces maximum 50 questions limit"},{"ancestorTitles":["Learning Route Acceptance Tests","GET /api/learning/questions"],"duration":272,"failureDetails":[],"failureMessages":[],"fullName":"Learning Route Acceptance Tests GET /api/learning/questions returns formatted questions by category and difficulty","invocations":1,"location":null,"numPassingAsserts":6,"retryReasons":[],"status":"passed","title":"returns formatted questions by category and difficulty"},{"ancestorTitles":["Learning Route Acceptance Tests","GET /api/learning/questions"],"duration":295,"failureDetails":[],"failureMessages":[],"fullName":"Learning Route Acceptance Tests GET /api/learning/questions returns 400 for invalid difficulty","invocations":1,"location":null,"numPassingAsserts":1,"retryReasons":[],"status":"passed","title":"returns 400 for invalid difficulty"},{"ancestorTitles":["Learning Route Acceptance Tests","GET /api/learning/questions"],"duration":241,"failureDetails":[],"failureMessages":[],"fullName":"Learning Route Acceptance Tests GET /api/learning/questions returns 400 for missing categoryId","invocations":1,"location":null,"numPassingAsserts":2,"retryReasons":[],"status":"passed","title":"returns 400 for missing categoryId"},{"ancestorTitles":["Learning Route Acceptance Tests","GET /api/learning/questions"],"duration":277,"failureDetails":[],"failureMessages":[],"fullName":"Learning Route Acceptance Tests GET /api/learning/questions returns 405 for PUT to questions","invocations":1,"location":null,"numPassingAsserts":1,"retryReasons":[],"status":"passed","title":"returns 405 for PUT to questions"},{"ancestorTitles":["Learning Route Acceptance Tests","GET /api/learning/questions"],"duration":245,"failureDetails":[],"failureMessages":[],"fullName":"Learning Route Acceptance Tests GET /api/learning/questions returns 405 for DELETE to questions","invocations":1,"location":null,"numPassingAsserts":1,"retryReasons":[],"status":"passed","title":"returns 405 for DELETE to questions"},{"ancestorTitles":["Learning Route Acceptance Tests","GET /api/learning/questions"],"duration":287,"failureDetails":[],"failureMessages":[],"fullName":"Learning Route Acceptance Tests GET /api/learning/questions returns empty array when no questions match filter","invocations":1,"location":null,"numPassingAsserts":2,"retryReasons":[],"status":"passed","title":"returns empty array when no questions match filter"},{"ancestorTitles":["Learning Route Acceptance Tests","GET /api/learning/questions"],"duration":261,"failureDetails":[],"failureMessages":[],"fullName":"Learning Route Acceptance Tests GET /api/learning/questions does not include isCorrect by default (security hardening)","invocations":1,"location":null,"numPassingAsserts":1,"retryReasons":[],"status":"passed","title":"does not include isCorrect by default (security hardening)"},{"ancestorTitles":["Learning Route Acceptance Tests","GET /api/learning/questions"],"duration":291,"failureDetails":[],"failureMessages":[],"fullName":"Learning Route Acceptance Tests GET /api/learning/questions returns empty array when category has zero questions","invocations":1,"location":null,"numPassingAsserts":2,"retryReasons":[],"status":"passed","title":"returns empty array when category has zero questions"}],"endTime":1775153102971,"message":"","name":"/app/server/src/__tests__/acceptance/learning.acceptance.test.ts","startTime":1775153094402,"status":"passed","summary":""},{"assertionResults":[{"ancestorTitles":["Daily Quiz Acceptance Tests (Real DB)","Security & Authorization"],"duration":270,"failureDetails":[],"failureMessages":[],"fullName":"Daily Quiz Acceptance Tests (Real DB) Security & Authorization sessions endpoint rejects unauthenticated requests","invocations":1,"location":null,"numPassingAsserts":1,"retryReasons":[],"status":"passed","title":"sessions endpoint rejects unauthenticated requests"},{"ancestorTitles":["Daily Quiz Acceptance Tests (Real DB)","Security & Authorization"],"duration":269,"failureDetails":[],"failureMessages":[],"fullName":"Daily Quiz Acceptance Tests (Real DB) Security & Authorization answer endpoint rejects unauthenticated requests","invocations":1,"location":null,"numPassingAsserts":1,"retryReasons":[],"status":"passed","title":"answer endpoint rejects unauthenticated requests"},{"ancestorTitles":["Daily Quiz Acceptance Tests (Real DB)","Security & Authorization"],"duration":231,"failureDetails":[],"failureMessages":[],"fullName":"Daily Quiz Acceptance Tests (Real DB) Security & Authorization exit endpoint rejects unauthenticated requests","invocations":1,"location":null,"numPassingAsserts":1,"retryReasons":[],"status":"passed","title":"exit endpoint rejects unauthenticated requests"},{"ancestorTitles":["Daily Quiz Acceptance Tests (Real DB)","Security & Authorization"],"duration":264,"failureDetails":[],"failureMessages":[],"fullName":"Daily Quiz Acceptance Tests (Real DB) Security & Authorization results endpoint rejects unauthenticated requests","invocations":1,"location":null,"numPassingAsserts":1,"retryReasons":[],"status":"passed","title":"results endpoint rejects unauthenticated requests"},{"ancestorTitles":["Daily Quiz Acceptance Tests (Real DB)","Security & Authorization"],"duration":238,"failureDetails":[],"failureMessages":[],"fullName":"Daily Quiz Acceptance Tests (Real DB) Security & Authorization should_reject_given_expired_tokens","invocations":1,"location":null,"numPassingAsserts":1,"retryReasons":[],"status":"passed","title":"should_reject_given_expired_tokens"},{"ancestorTitles":["Daily Quiz Acceptance Tests (Real DB)","Session Matching & Capacity"],"duration":865,"failureDetails":[],"failureMessages":[],"fullName":"Daily Quiz Acceptance Tests (Real DB) Session Matching & Capacity should_match_users_given_similar_achievements","invocations":1,"location":null,"numPassingAsserts":5,"retryReasons":[],"status":"passed","title":"should_match_users_given_similar_achievements"},{"ancestorTitles":["Daily Quiz Acceptance Tests (Real DB)","Session Matching & Capacity"],"duration":174,"failureDetails":[],"failureMessages":[],"fullName":"Daily Quiz Acceptance Tests (Real DB) Session Matching & Capacity should_enforce_capacity_limits_atomically_given_multiple_joins","invocations":1,"location":null,"numPassingAsserts":3,"retryReasons":[],"status":"passed","title":"should_enforce_capacity_limits_atomically_given_multiple_joins"},{"ancestorTitles":["Daily Quiz Acceptance Tests (Real DB)","Timer Integrity & Answer Handling"],"duration":280,"failureDetails":[],"failureMessages":[],"fullName":"Daily Quiz Acceptance Tests (Real DB) Timer Integrity & Answer Handling should_reject_answers_given_5_minute_timeout","invocations":1,"location":null,"numPassingAsserts":2,"retryReasons":[],"status":"passed","title":"should_reject_answers_given_5_minute_timeout"},{"ancestorTitles":["Daily Quiz Acceptance Tests (Real DB)","Timer Integrity & Answer Handling"],"duration":565,"failureDetails":[],"failureMessages":[],"fullName":"Daily Quiz Acceptance Tests (Real DB) Timer Integrity & Answer Handling should_prevent_duplicate_answers_given_repeated_submission","invocations":1,"location":null,"numPassingAsserts":3,"retryReasons":[],"status":"passed","title":"should_prevent_duplicate_answers_given_repeated_submission"},{"ancestorTitles":["Daily Quiz Acceptance Tests (Real DB)","Results Calculation"],"duration":317,"failureDetails":[],"failureMessages":[],"fullName":"Daily Quiz Acceptance Tests (Real DB) Results Calculation should_compute_correct_rankings_and_xp_given_finished_session","invocations":1,"location":null,"numPassingAsserts":6,"retryReasons":[],"status":"passed","title":"should_compute_correct_rankings_and_xp_given_finished_session"},{"ancestorTitles":["Daily Quiz Acceptance Tests (Real DB)","Polling & State Synchronization"],"duration":1317,"failureDetails":[],"failureMessages":[],"fullName":"Daily Quiz Acceptance Tests (Real DB) Polling & State Synchronization should_isolate_updates_given_different_sessions","invocations":1,"location":null,"numPassingAsserts":3,"retryReasons":[],"status":"passed","title":"should_isolate_updates_given_different_sessions"},{"ancestorTitles":["Daily Quiz Acceptance Tests (Real DB)","Polling & State Synchronization"],"duration":987,"failureDetails":[],"failureMessages":[],"fullName":"Daily Quiz Acceptance Tests (Real DB) Polling & State Synchronization should_reflect_session_availability_given_server_load","invocations":1,"location":null,"numPassingAsserts":2,"retryReasons":[],"status":"passed","title":"should_reflect_session_availability_given_server_load"}],"endTime":1775153109142,"message":"","name":"/app/server/src/__tests__/acceptance/dailyQuiz.acceptance.test.ts","startTime":1775153102983,"status":"passed","summary":""},{"assertionResults":[{"ancestorTitles":["Engagement Route Hardened Acceptance Tests (Enterprise Grade)","1. XP & Action Handling"],"duration":559,"failureDetails":[],"failureMessages":[],"fullName":"Engagement Route Hardened Acceptance Tests (Enterprise Grade) 1. XP & Action Handling accumulates XP across multiple calls and creates record automatically","invocations":1,"location":null,"numPassingAsserts":1,"retryReasons":[],"status":"passed","title":"accumulates XP across multiple calls and creates record automatically"},{"ancestorTitles":["Engagement Route Hardened Acceptance Tests (Enterprise Grade)","1. XP & Action Handling"],"duration":291,"failureDetails":[],"failureMessages":[],"fullName":"Engagement Route Hardened Acceptance Tests (Enterprise Grade) 1. XP & Action Handling rejects negative XP (400)","invocations":1,"location":null,"numPassingAsserts":1,"retryReasons":[],"status":"passed","title":"rejects negative XP (400)"},{"ancestorTitles":["Engagement Route Hardened Acceptance Tests (Enterprise Grade)","1. XP & Action Handling"],"duration":243,"failureDetails":[],"failureMessages":[],"fullName":"Engagement Route Hardened Acceptance Tests (Enterprise Grade) 1. XP & Action Handling handles zero XP submission (200)","invocations":1,"location":null,"numPassingAsserts":1,"retryReasons":[],"status":"passed","title":"handles zero XP submission (200)"},{"ancestorTitles":["Engagement Route Hardened Acceptance Tests (Enterprise Grade)","1. XP & Action Handling"],"duration":277,"failureDetails":[],"failureMessages":[],"fullName":"Engagement Route Hardened Acceptance Tests (Enterprise Grade) 1. XP & Action Handling rejects missing xp field in body (400)","invocations":1,"location":null,"numPassingAsserts":1,"retryReasons":[],"status":"passed","title":"rejects missing xp field in body (400)"},{"ancestorTitles":["Engagement Route Hardened Acceptance Tests (Enterprise Grade)","1. XP & Action Handling"],"duration":238,"failureDetails":[],"failureMessages":[],"fullName":"Engagement Route Hardened Acceptance Tests (Enterprise Grade) 1. XP & Action Handling large XP values stress test (prevents 32-bit overflow)","invocations":1,"location":null,"numPassingAsserts":2,"retryReasons":[],"status":"passed","title":"large XP values stress test (prevents 32-bit overflow)"},{"ancestorTitles":["Engagement Route Hardened Acceptance Tests (Enterprise Grade)","2. Leaderboard: Deterministic sorting & Contract Locking"],"duration":22,"failureDetails":[],"failureMessages":[],"fullName":"Engagement Route Hardened Acceptance Tests (Enterprise Grade) 2. Leaderboard: Deterministic sorting & Contract Locking returns deterministic ranking (XP desc, userId asc) with explicit rank","invocations":1,"location":null,"numPassingAsserts":5,"retryReasons":[],"status":"passed","title":"returns deterministic ranking (XP desc, userId asc) with explicit rank"},{"ancestorTitles":["Engagement Route Hardened Acceptance Tests (Enterprise Grade)","2. Leaderboard: Deterministic sorting & Contract Locking"],"duration":20,"failureDetails":[],"failureMessages":[],"fullName":"Engagement Route Hardened Acceptance Tests (Enterprise Grade) 2. Leaderboard: Deterministic sorting & Contract Locking freezes contract: response must contain full metadata for UI rendering","invocations":1,"location":null,"numPassingAsserts":1,"retryReasons":[],"status":"passed","title":"freezes contract: response must contain full metadata for UI rendering"},{"ancestorTitles":["Engagement Route Hardened Acceptance Tests (Enterprise Grade)","3. Weekly King: Aggregation & Temporal Hardening"],"duration":27,"failureDetails":[],"failureMessages":[],"fullName":"Engagement Route Hardened Acceptance Tests (Enterprise Grade) 3. Weekly King: Aggregation & Temporal Hardening aggregates multi-session scores and strictly excludes past-week data","invocations":1,"location":null,"numPassingAsserts":2,"retryReasons":[],"status":"passed","title":"aggregates multi-session scores and strictly excludes past-week data"},{"ancestorTitles":["Engagement Route Hardened Acceptance Tests (Enterprise Grade)","4. Achievements: Zero-State & Complete Contract"],"duration":288,"failureDetails":[],"failureMessages":[],"fullName":"Engagement Route Hardened Acceptance Tests (Enterprise Grade) 4. Achievements: Zero-State & Complete Contract zero-state resilience: returns full contract even for new users","invocations":1,"location":null,"numPassingAsserts":1,"retryReasons":[],"status":"passed","title":"zero-state resilience: returns full contract even for new users"},{"ancestorTitles":["Engagement Route Hardened Acceptance Tests (Enterprise Grade)","5. Notifications: Order & POST Validation"],"duration":244,"failureDetails":[],"failureMessages":[],"fullName":"Engagement Route Hardened Acceptance Tests (Enterprise Grade) 5. Notifications: Order & POST Validation POST validates missing fields and returns 400","invocations":1,"location":null,"numPassingAsserts":1,"retryReasons":[],"status":"passed","title":"POST validates missing fields and returns 400"},{"ancestorTitles":["Engagement Route Hardened Acceptance Tests (Enterprise Grade)","5. Notifications: Order & POST Validation"],"duration":285,"failureDetails":[],"failureMessages":[],"fullName":"Engagement Route Hardened Acceptance Tests (Enterprise Grade) 5. Notifications: Order & POST Validation returns notifications newest-first","invocations":1,"location":null,"numPassingAsserts":2,"retryReasons":[],"status":"passed","title":"returns notifications newest-first"},{"ancestorTitles":["Engagement Route Hardened Acceptance Tests (Enterprise Grade)","6. Security: ADMIN Policy & Isolation"],"duration":530,"failureDetails":[],"failureMessages":[],"fullName":"Engagement Route Hardened Acceptance Tests (Enterprise Grade) 6. Security: ADMIN Policy & Isolation ADMIN bypasses isolation while USER is strictly restricted (403)","invocations":1,"location":null,"numPassingAsserts":2,"retryReasons":[],"status":"passed","title":"ADMIN bypasses isolation while USER is strictly restricted (403)"},{"ancestorTitles":["Engagement Route Hardened Acceptance Tests (Enterprise Grade)","7. API Discipline: Method 405 Enforcement"],"duration":248,"failureDetails":[],"failureMessages":[],"fullName":"Engagement Route Hardened Acceptance Tests (Enterprise Grade) 7. API Discipline: Method 405 Enforcement /action returns 405 for async (req, res, deps) => {\n        try {\n            const authContext = await (0, auth_1.authorizeRequest)(req, deps === null || deps === void 0 ? void 0 : deps.cache);\n            const authenticatedReq = req;\n            authenticatedReq.user = authContext.user;\n            authenticatedReq.sessionId = authContext.sessionId;\n            authenticatedReq.syncKey = authContext.syncKey;\n            return handler(authenticatedReq, res);\n        }\n        catch (error) {\n            if (error.message === 'Database Connection Error' || error.message === 'Internal Database Error' || (error.code && typeof error.code === 'string' && error.code.startsWith('P'))) {\n                console.error('withAuth database error:', error);\n                return res.status(500).json({ message: 'Internal Server Error' });\n            }\n            const clientErrors = [\n                'Missing or invalid Authorization header',\n                'Invalid token',\n                'Token expired',\n                'Invalid token payload',\n                'Session not found or invalid',\n                'Session expired',\n                'User not found'\n            ];\n            if (clientErrors.includes(error.message)) {\n                return res.status(401).json({ message: error.message });\n            }\n            // Fallback for any other unexpected errors\n            console.error('withAuth unexpected error:', error);\n            return res.status(500).json({ message: 'Internal Server Error' });\n        }\n    }","invocations":1,"location":null,"numPassingAsserts":1,"retryReasons":[],"status":"passed","title":"/action returns 405 for async (req, res, deps) => {\n        try {\n            const authContext = await (0, auth_1.authorizeRequest)(req, deps === null || deps === void 0 ? void 0 : deps.cache);\n            const authenticatedReq = req;\n            authenticatedReq.user = authContext.user;\n            authenticatedReq.sessionId = authContext.sessionId;\n            authenticatedReq.syncKey = authContext.syncKey;\n            return handler(authenticatedReq, res);\n        }\n        catch (error) {\n            if (error.message === 'Database Connection Error' || error.message === 'Internal Database Error' || (error.code && typeof error.code === 'string' && error.code.startsWith('P'))) {\n                console.error('withAuth database error:', error);\n                return res.status(500).json({ message: 'Internal Server Error' });\n            }\n            const clientErrors = [\n                'Missing or invalid Authorization header',\n                'Invalid token',\n                'Token expired',\n                'Invalid token payload',\n                'Session not found or invalid',\n                'Session expired',\n                'User not found'\n            ];\n            if (clientErrors.includes(error.message)) {\n                return res.status(401).json({ message: error.message });\n            }\n            // Fallback for any other unexpected errors\n            console.error('withAuth unexpected error:', error);\n            return res.status(500).json({ message: 'Internal Server Error' });\n        }\n    }"},{"ancestorTitles":["Engagement Route Hardened Acceptance Tests (Enterprise Grade)","7. API Discipline: Method 405 Enforcement"],"duration":20,"failureDetails":[],"failureMessages":[],"fullName":"Engagement Route Hardened Acceptance Tests (Enterprise Grade) 7. API Discipline: Method 405 Enforcement /leaderboard returns 405 for async function handler(req, res) {\n    const service = new engagementController_1.EngagementService(client_1.prisma);\n    return leaderboardHandler(req, res, service);\n}","invocations":1,"location":null,"numPassingAsserts":1,"retryReasons":[],"status":"passed","title":"/leaderboard returns 405 for async function handler(req, res) {\n    const service = new engagementController_1.EngagementService(client_1.prisma);\n    return leaderboardHandler(req, res, service);\n}"},{"ancestorTitles":["Engagement Route Hardened Acceptance Tests (Enterprise Grade)","7. API Discipline: Method 405 Enforcement"],"duration":18,"failureDetails":[],"failureMessages":[],"fullName":"Engagement Route Hardened Acceptance Tests (Enterprise Grade) 7. API Discipline: Method 405 Enforcement /weekly-king returns 405 for async function handler(req, res) {\n    const service = new engagementController_1.EngagementService(client_1.prisma);\n    return weeklyKingHandler(req, res, service);\n}","invocations":1,"location":null,"numPassingAsserts":1,"retryReasons":[],"status":"passed","title":"/weekly-king returns 405 for async function handler(req, res) {\n    const service = new engagementController_1.EngagementService(client_1.prisma);\n    return weeklyKingHandler(req, res, service);\n}"},{"ancestorTitles":["Engagement Route Hardened Acceptance Tests (Enterprise Grade)","7. API Discipline: Method 405 Enforcement"],"duration":278,"failureDetails":[],"failureMessages":[],"fullName":"Engagement Route Hardened Acceptance Tests (Enterprise Grade) 7. API Discipline: Method 405 Enforcement /achievements returns 405 for async (req, res, deps) => {\n        try {\n            const authContext = await (0, auth_1.authorizeRequest)(req, deps === null || deps === void 0 ? void 0 : deps.cache);\n            const authenticatedReq = req;\n            authenticatedReq.user = authContext.user;\n            authenticatedReq.sessionId = authContext.sessionId;\n            authenticatedReq.syncKey = authContext.syncKey;\n            return handler(authenticatedReq, res);\n        }\n        catch (error) {\n            if (error.message === 'Database Connection Error' || error.message === 'Internal Database Error' || (error.code && typeof error.code === 'string' && error.code.startsWith('P'))) {\n                console.error('withAuth database error:', error);\n                return res.status(500).json({ message: 'Internal Server Error' });\n            }\n            const clientErrors = [\n                'Missing or invalid Authorization header',\n                'Invalid token',\n                'Token expired',\n                'Invalid token payload',\n                'Session not found or invalid',\n                'Session expired',\n                'User not found'\n            ];\n            if (clientErrors.includes(error.message)) {\n                return res.status(401).json({ message: error.message });\n            }\n            // Fallback for any other unexpected errors\n            console.error('withAuth unexpected error:', error);\n            return res.status(500).json({ message: 'Internal Server Error' });\n        }\n    }","invocations":1,"location":null,"numPassingAsserts":1,"retryReasons":[],"status":"passed","title":"/achievements returns 405 for async (req, res, deps) => {\n        try {\n            const authContext = await (0, auth_1.authorizeRequest)(req, deps === null || deps === void 0 ? void 0 : deps.cache);\n            const authenticatedReq = req;\n            authenticatedReq.user = authContext.user;\n            authenticatedReq.sessionId = authContext.sessionId;\n            authenticatedReq.syncKey = authContext.syncKey;\n            return handler(authenticatedReq, res);\n        }\n        catch (error) {\n            if (error.message === 'Database Connection Error' || error.message === 'Internal Database Error' || (error.code && typeof error.code === 'string' && error.code.startsWith('P'))) {\n                console.error('withAuth database error:', error);\n                return res.status(500).json({ message: 'Internal Server Error' });\n            }\n            const clientErrors = [\n                'Missing or invalid Authorization header',\n                'Invalid token',\n                'Token expired',\n                'Invalid token payload',\n                'Session not found or invalid',\n                'Session expired',\n                'User not found'\n            ];\n            if (clientErrors.includes(error.message)) {\n                return res.status(401).json({ message: error.message });\n            }\n            // Fallback for any other unexpected errors\n            console.error('withAuth unexpected error:', error);\n            return res.status(500).json({ message: 'Internal Server Error' });\n        }\n    }"},{"ancestorTitles":["Engagement Route Hardened Acceptance Tests (Enterprise Grade)","8. Data Integrity: Cascade Deletion"],"duration":27,"failureDetails":[],"failureMessages":[],"fullName":"Engagement Route Hardened Acceptance Tests (Enterprise Grade) 8. Data Integrity: Cascade Deletion deleting a user purges all engagement and notification artifacts","invocations":1,"location":null,"numPassingAsserts":2,"retryReasons":[],"status":"passed","title":"deleting a user purges all engagement and notification artifacts"}],"endTime":1775153113091,"message":"","name":"/app/server/src/__tests__/acceptance/engagement.acceptance.test.ts","startTime":1775153109152,"status":"passed","summary":""},{"assertionResults":[{"ancestorTitles":["Sync Acceptance Tests (QA Rigorous)","Method Enforcement"],"duration":231,"failureDetails":[],"failureMessages":[],"fullName":"Sync Acceptance Tests (QA Rigorous) Method Enforcement Rejects GET method","invocations":1,"location":null,"numPassingAsserts":1,"retryReasons":[],"status":"passed","title":"Rejects GET method"},{"ancestorTitles":["Sync Acceptance Tests (QA Rigorous)","Method Enforcement"],"duration":266,"failureDetails":[],"failureMessages":[],"fullName":"Sync Acceptance Tests (QA Rigorous) Method Enforcement Rejects PUT method","invocations":1,"location":null,"numPassingAsserts":1,"retryReasons":[],"status":"passed","title":"Rejects PUT method"},{"ancestorTitles":["Sync Acceptance Tests (QA Rigorous)","Method Enforcement"],"duration":225,"failureDetails":[],"failureMessages":[],"fullName":"Sync Acceptance Tests (QA Rigorous) Method Enforcement Rejects DELETE method","invocations":1,"location":null,"numPassingAsserts":1,"retryReasons":[],"status":"passed","title":"Rejects DELETE method"},{"ancestorTitles":["Sync Acceptance Tests (QA Rigorous)","Authentication & Security"],"duration":258,"failureDetails":[],"failureMessages":[],"fullName":"Sync Acceptance Tests (QA Rigorous) Authentication & Security 401 if missing token","invocations":1,"location":null,"numPassingAsserts":1,"retryReasons":[],"status":"passed","title":"401 if missing token"},{"ancestorTitles":["Sync Acceptance Tests (QA Rigorous)","Authentication & Security"],"duration":222,"failureDetails":[],"failureMessages":[],"fullName":"Sync Acceptance Tests (QA Rigorous) Authentication & Security 401 if invalid token","invocations":1,"location":null,"numPassingAsserts":1,"retryReasons":[],"status":"passed","title":"401 if invalid token"},{"ancestorTitles":["Sync Acceptance Tests (QA Rigorous)","Authentication & Security"],"duration":265,"failureDetails":[],"failureMessages":[],"fullName":"Sync Acceptance Tests (QA Rigorous) Authentication & Security 403 if missing signature","invocations":1,"location":null,"numPassingAsserts":1,"retryReasons":[],"status":"passed","title":"403 if missing signature"},{"ancestorTitles":["Sync Acceptance Tests (QA Rigorous)","Authentication & Security"],"duration":222,"failureDetails":[],"failureMessages":[],"fullName":"Sync Acceptance Tests (QA Rigorous) Authentication & Security 403 if invalid signature (tampering)","invocations":1,"location":null,"numPassingAsserts":1,"retryReasons":[],"status":"passed","title":"403 if invalid signature (tampering)"},{"ancestorTitles":["Sync Acceptance Tests (QA Rigorous)","Payload Validation"],"duration":260,"failureDetails":[],"failureMessages":[],"fullName":"Sync Acceptance Tests (QA Rigorous) Payload Validation 400 if payload is not an object","invocations":1,"location":null,"numPassingAsserts":1,"retryReasons":[],"status":"passed","title":"400 if payload is not an object"},{"ancestorTitles":["Sync Acceptance Tests (QA Rigorous)","Payload Validation"],"duration":229,"failureDetails":[],"failureMessages":[],"fullName":"Sync Acceptance Tests (QA Rigorous) Payload Validation 400 if table is not an array","invocations":1,"location":null,"numPassingAsserts":1,"retryReasons":[],"status":"passed","title":"400 if table is not an array"},{"ancestorTitles":["Sync Acceptance Tests (QA Rigorous)","Payload Validation"],"duration":275,"failureDetails":[],"failureMessages":[],"fullName":"Sync Acceptance Tests (QA Rigorous) Payload Validation 400 if invalid date format","invocations":1,"location":null,"numPassingAsserts":1,"retryReasons":[],"status":"passed","title":"400 if invalid date format"},{"ancestorTitles":["Sync Acceptance Tests (QA Rigorous)","Isolation & Data Integrity"],"duration":324,"failureDetails":[],"failureMessages":[],"fullName":"Sync Acceptance Tests (QA Rigorous) Isolation & Data Integrity Strict userId isolation: Cannot sync data for another user","invocations":1,"location":null,"numPassingAsserts":2,"retryReasons":[],"status":"passed","title":"Strict userId isolation: Cannot sync data for another user"},{"ancestorTitles":["Sync Acceptance Tests (QA Rigorous)","Isolation & Data Integrity"],"duration":278,"failureDetails":[],"failureMessages":[],"fullName":"Sync Acceptance Tests (QA Rigorous) Isolation & Data Integrity Regular users cannot modify global categories","invocations":1,"location":null,"numPassingAsserts":2,"retryReasons":[],"status":"passed","title":"Regular users cannot modify global categories"},{"ancestorTitles":["Sync Acceptance Tests (QA Rigorous)","Conflict Resolution (Deterministic)"],"duration":241,"failureDetails":[],"failureMessages":[],"fullName":"Sync Acceptance Tests (QA Rigorous) Conflict Resolution (Deterministic) Server wins when client is outdated","invocations":1,"location":null,"numPassingAsserts":1,"retryReasons":[],"status":"passed","title":"Server wins when client is outdated"},{"ancestorTitles":["Sync Acceptance Tests (QA Rigorous)","Conflict Resolution (Deterministic)"],"duration":283,"failureDetails":[],"failureMessages":[],"fullName":"Sync Acceptance Tests (QA Rigorous) Conflict Resolution (Deterministic) Client wins when client is newer","invocations":1,"location":null,"numPassingAsserts":1,"retryReasons":[],"status":"passed","title":"Client wins when client is newer"},{"ancestorTitles":["Sync Acceptance Tests (QA Rigorous)","Batch Sync & Concurrency"],"duration":239,"failureDetails":[],"failureMessages":[],"fullName":"Sync Acceptance Tests (QA Rigorous) Batch Sync & Concurrency Batch sync multiple records and tables","invocations":1,"location":null,"numPassingAsserts":3,"retryReasons":[],"status":"passed","title":"Batch sync multiple records and tables"},{"ancestorTitles":["Sync Acceptance Tests (QA Rigorous)","Batch Sync & Concurrency"],"duration":271,"failureDetails":[],"failureMessages":[],"fullName":"Sync Acceptance Tests (QA Rigorous) Batch Sync & Concurrency Enforces write lock with 409 Conflict","invocations":1,"location":null,"numPassingAsserts":2,"retryReasons":[],"status":"passed","title":"Enforces write lock with 409 Conflict"}],"endTime":1775153117694,"message":"","name":"/app/server/src/__tests__/acceptance/sync.acceptance.test.ts","startTime":1775153113102,"status":"passed","summary":""},{"assertionResults":[{"ancestorTitles":["Analytics Acceptance Tests (Rigorous & Real DB)","API: /api/analytics/devops"],"duration":278,"failureDetails":[],"failureMessages":[],"fullName":"Analytics Acceptance Tests (Rigorous & Real DB) API: /api/analytics/devops should return precise metrics and enforce admin access","invocations":1,"location":null,"numPassingAsserts":6,"retryReasons":[],"status":"passed","title":"should return precise metrics and enforce admin access"},{"ancestorTitles":["Analytics Acceptance Tests (Rigorous & Real DB)","API: /api/analytics/devops"],"duration":292,"failureDetails":[],"failureMessages":[],"fullName":"Analytics Acceptance Tests (Rigorous & Real DB) API: /api/analytics/devops should reject expired sessions in DB","invocations":1,"location":null,"numPassingAsserts":2,"retryReasons":[],"status":"passed","title":"should reject expired sessions in DB"},{"ancestorTitles":["Analytics Acceptance Tests (Rigorous & Real DB)","API: /api/analytics/devops"],"duration":251,"failureDetails":[],"failureMessages":[],"fullName":"Analytics Acceptance Tests (Rigorous & Real DB) API: /api/analytics/devops should reject adversarial token with wrong userId","invocations":1,"location":null,"numPassingAsserts":2,"retryReasons":[],"status":"passed","title":"should reject adversarial token with wrong userId"},{"ancestorTitles":["Analytics Acceptance Tests (Rigorous & Real DB)","Service Logic: AnalyticsService"],"duration":26,"failureDetails":[],"failureMessages":[],"fullName":"Analytics Acceptance Tests (Rigorous & Real DB) Service Logic: AnalyticsService should calculate Trend Delta (Growth & Decline)","invocations":1,"location":null,"numPassingAsserts":2,"retryReasons":[],"status":"passed","title":"should calculate Trend Delta (Growth & Decline)"},{"ancestorTitles":["Analytics Acceptance Tests (Rigorous & Real DB)","Service Logic: AnalyticsService"],"duration":13,"failureDetails":[],"failureMessages":[],"fullName":"Analytics Acceptance Tests (Rigorous & Real DB) Service Logic: AnalyticsService should handle Complex MTTR Scenarios (Back-to-back crashes)","invocations":1,"location":null,"numPassingAsserts":1,"retryReasons":[],"status":"passed","title":"should handle Complex MTTR Scenarios (Back-to-back crashes)"},{"ancestorTitles":["Analytics Acceptance Tests (Rigorous & Real DB)","Service Logic: AnalyticsService"],"duration":13,"failureDetails":[],"failureMessages":[],"fullName":"Analytics Acceptance Tests (Rigorous & Real DB) Service Logic: AnalyticsService should calculate exact Availability based on recovery windows","invocations":1,"location":null,"numPassingAsserts":1,"retryReasons":[],"status":"passed","title":"should calculate exact Availability based on recovery windows"},{"ancestorTitles":["Analytics Acceptance Tests (Rigorous & Real DB)","Service Logic: AnalyticsService"],"duration":13,"failureDetails":[],"failureMessages":[],"fullName":"Analytics Acceptance Tests (Rigorous & Real DB) Service Logic: AnalyticsService should be resilient to Malformed JSON and missing fields","invocations":1,"location":null,"numPassingAsserts":1,"retryReasons":[],"status":"passed","title":"should be resilient to Malformed JSON and missing fields"},{"ancestorTitles":["Analytics Acceptance Tests (Rigorous & Real DB)","Service Logic: EngagementService"],"duration":13,"failureDetails":[],"failureMessages":[],"fullName":"Analytics Acceptance Tests (Rigorous & Real DB) Service Logic: EngagementService should calculate average performance correctly across multiple users","invocations":1,"location":null,"numPassingAsserts":1,"retryReasons":[],"status":"passed","title":"should calculate average performance correctly across multiple users"}],"endTime":1775153118884,"message":"","name":"/app/server/src/__tests__/acceptance/analytics.acceptance.test.ts","startTime":1775153117704,"status":"passed","summary":""},{"assertionResults":[{"ancestorTitles":["User Acceptance Tests (Real DB)","Authentication & Authorization"],"duration":253,"failureDetails":[],"failureMessages":[],"fullName":"User Acceptance Tests (Real DB) Authentication & Authorization rejects expired JWT","invocations":1,"location":null,"numPassingAsserts":1,"retryReasons":[],"status":"passed","title":"rejects expired JWT"},{"ancestorTitles":["User Acceptance Tests (Real DB)","Authentication & Authorization"],"duration":254,"failureDetails":[],"failureMessages":[],"fullName":"User Acceptance Tests (Real DB) Authentication & Authorization rejects malformed JWT","invocations":1,"location":null,"numPassingAsserts":1,"retryReasons":[],"status":"passed","title":"rejects malformed JWT"},{"ancestorTitles":["User Acceptance Tests (Real DB)","Authentication & Authorization"],"duration":295,"failureDetails":[],"failureMessages":[],"fullName":"User Acceptance Tests (Real DB) Authentication & Authorization rejects token with invalid sessionId","invocations":1,"location":null,"numPassingAsserts":1,"retryReasons":[],"status":"passed","title":"rejects token with invalid sessionId"},{"ancestorTitles":["User Acceptance Tests (Real DB)","GET /api/user/profile-summary"],"duration":297,"failureDetails":[],"failureMessages":[],"fullName":"User Acceptance Tests (Real DB) GET /api/user/profile-summary returns user profile summary with all client-required fields","invocations":1,"location":null,"numPassingAsserts":2,"retryReasons":[],"status":"passed","title":"returns user profile summary with all client-required fields"},{"ancestorTitles":["User Acceptance Tests (Real DB)","GET /api/user/profile-summary"],"duration":342,"failureDetails":[],"failureMessages":[],"fullName":"User Acceptance Tests (Real DB) GET /api/user/profile-summary returns 405 for invalid methods","invocations":1,"location":null,"numPassingAsserts":1,"retryReasons":[],"status":"passed","title":"returns 405 for invalid methods"},{"ancestorTitles":["User Acceptance Tests (Real DB)","PUT /api/user/profile"],"duration":283,"failureDetails":[],"failureMessages":[],"fullName":"User Acceptance Tests (Real DB) PUT /api/user/profile updates user preferences, metadata, and email","invocations":1,"location":null,"numPassingAsserts":5,"retryReasons":[],"status":"passed","title":"updates user preferences, metadata, and email"},{"ancestorTitles":["User Acceptance Tests (Real DB)","PUT /api/user/profile"],"duration":284,"failureDetails":[],"failureMessages":[],"fullName":"User Acceptance Tests (Real DB) PUT /api/user/profile handles partial updates","invocations":1,"location":null,"numPassingAsserts":3,"retryReasons":[],"status":"passed","title":"handles partial updates"},{"ancestorTitles":["User Acceptance Tests (Real DB)","POST /api/user/profile-picture"],"duration":253,"failureDetails":[],"failureMessages":[],"fullName":"User Acceptance Tests (Real DB) POST /api/user/profile-picture updates user profile picture","invocations":1,"location":null,"numPassingAsserts":2,"retryReasons":[],"status":"passed","title":"updates user profile picture"},{"ancestorTitles":["User Acceptance Tests (Real DB)","POST /api/user/profile-picture"],"duration":283,"failureDetails":[],"failureMessages":[],"fullName":"User Acceptance Tests (Real DB) POST /api/user/profile-picture returns 400 for missing file","invocations":1,"location":null,"numPassingAsserts":1,"retryReasons":[],"status":"passed","title":"returns 400 for missing file"},{"ancestorTitles":["User Acceptance Tests (Real DB)","POST /api/user/settings"],"duration":261,"failureDetails":[],"failureMessages":[],"fullName":"User Acceptance Tests (Real DB) POST /api/user/settings updates settings and validates persistence","invocations":1,"location":null,"numPassingAsserts":2,"retryReasons":[],"status":"passed","title":"updates settings and validates persistence"},{"ancestorTitles":["User Acceptance Tests (Real DB)","POST /api/user/settings"],"duration":279,"failureDetails":[],"failureMessages":[],"fullName":"User Acceptance Tests (Real DB) POST /api/user/settings returns 400 for invalid setting value type","invocations":1,"location":null,"numPassingAsserts":1,"retryReasons":[],"status":"passed","title":"returns 400 for invalid setting value type"}],"endTime":1775153123651,"message":"","name":"/app/server/src/__tests__/acceptance/user.acceptance.test.ts","startTime":1775153118890,"status":"passed","summary":""},{"assertionResults":[{"ancestorTitles":["Cross-Endpoint Authorization Enforcement"],"duration":25,"failureDetails":[],"failureMessages":[],"fullName":"Cross-Endpoint Authorization Enforcement me rejects unauthenticated access (no token)","invocations":1,"location":null,"numPassingAsserts":1,"retryReasons":[],"status":"passed","title":"me rejects unauthenticated access (no token)"},{"ancestorTitles":["Cross-Endpoint Authorization Enforcement"],"duration":4,"failureDetails":[],"failureMessages":[],"fullName":"Cross-Endpoint Authorization Enforcement sync rejects unauthenticated access (no token)","invocations":1,"location":null,"numPassingAsserts":2,"retryReasons":[],"status":"passed","title":"sync rejects unauthenticated access (no token)"},{"ancestorTitles":["Cross-Endpoint Authorization Enforcement"],"duration":3,"failureDetails":[],"failureMessages":[],"fullName":"Cross-Endpoint Authorization Enforcement questions rejects unauthenticated access (no token)","invocations":1,"location":null,"numPassingAsserts":1,"retryReasons":[],"status":"passed","title":"questions rejects unauthenticated access (no token)"},{"ancestorTitles":["Cross-Endpoint Authorization Enforcement"],"duration":3,"failureDetails":[],"failureMessages":[],"fullName":"Cross-Endpoint Authorization Enforcement devops rejects unauthenticated access (no token)","invocations":1,"location":null,"numPassingAsserts":2,"retryReasons":[],"status":"passed","title":"devops rejects unauthenticated access (no token)"},{"ancestorTitles":["Cross-Endpoint Authorization Enforcement"],"duration":4,"failureDetails":[],"failureMessages":[],"fullName":"Cross-Endpoint Authorization Enforcement action rejects unauthenticated access (no token)","invocations":1,"location":null,"numPassingAsserts":2,"retryReasons":[],"status":"passed","title":"action rejects unauthenticated access (no token)"},{"ancestorTitles":["Cross-Endpoint Authorization Enforcement"],"duration":3,"failureDetails":[],"failureMessages":[],"fullName":"Cross-Endpoint Authorization Enforcement me rejects malformed authorization header","invocations":1,"location":null,"numPassingAsserts":1,"retryReasons":[],"status":"passed","title":"me rejects malformed authorization header"},{"ancestorTitles":["Cross-Endpoint Authorization Enforcement"],"duration":4,"failureDetails":[],"failureMessages":[],"fullName":"Cross-Endpoint Authorization Enforcement sync rejects malformed authorization header","invocations":1,"location":null,"numPassingAsserts":2,"retryReasons":[],"status":"passed","title":"sync rejects malformed authorization header"},{"ancestorTitles":["Cross-Endpoint Authorization Enforcement"],"duration":3,"failureDetails":[],"failureMessages":[],"fullName":"Cross-Endpoint Authorization Enforcement questions rejects malformed authorization header","invocations":1,"location":null,"numPassingAsserts":1,"retryReasons":[],"status":"passed","title":"questions rejects malformed authorization header"},{"ancestorTitles":["Cross-Endpoint Authorization Enforcement"],"duration":4,"failureDetails":[],"failureMessages":[],"fullName":"Cross-Endpoint Authorization Enforcement devops rejects malformed authorization header","invocations":1,"location":null,"numPassingAsserts":2,"retryReasons":[],"status":"passed","title":"devops rejects malformed authorization header"},{"ancestorTitles":["Cross-Endpoint Authorization Enforcement"],"duration":4,"failureDetails":[],"failureMessages":[],"fullName":"Cross-Endpoint Authorization Enforcement action rejects malformed authorization header","invocations":1,"location":null,"numPassingAsserts":2,"retryReasons":[],"status":"passed","title":"action rejects malformed authorization header"},{"ancestorTitles":["Cross-Endpoint Authorization Enforcement"],"duration":14,"failureDetails":[],"failureMessages":[],"fullName":"Cross-Endpoint Authorization Enforcement me allows lowercase bearer prefix","invocations":1,"location":null,"numPassingAsserts":1,"retryReasons":[],"status":"passed","title":"me allows lowercase bearer prefix"},{"ancestorTitles":["Cross-Endpoint Authorization Enforcement"],"duration":18,"failureDetails":[],"failureMessages":[],"fullName":"Cross-Endpoint Authorization Enforcement sync allows lowercase bearer prefix","invocations":1,"location":null,"numPassingAsserts":1,"retryReasons":[],"status":"passed","title":"sync allows lowercase bearer prefix"},{"ancestorTitles":["Cross-Endpoint Authorization Enforcement"],"duration":18,"failureDetails":[],"failureMessages":[],"fullName":"Cross-Endpoint Authorization Enforcement questions allows lowercase bearer prefix","invocations":1,"location":null,"numPassingAsserts":1,"retryReasons":[],"status":"passed","title":"questions allows lowercase bearer prefix"},{"ancestorTitles":["Cross-Endpoint Authorization Enforcement"],"duration":18,"failureDetails":[],"failureMessages":[],"fullName":"Cross-Endpoint Authorization Enforcement devops allows lowercase bearer prefix","invocations":1,"location":null,"numPassingAsserts":1,"retryReasons":[],"status":"passed","title":"devops allows lowercase bearer prefix"},{"ancestorTitles":["Cross-Endpoint Authorization Enforcement"],"duration":27,"failureDetails":[],"failureMessages":[],"fullName":"Cross-Endpoint Authorization Enforcement action allows lowercase bearer prefix","invocations":1,"location":null,"numPassingAsserts":1,"retryReasons":[],"status":"passed","title":"action allows lowercase bearer prefix"},{"ancestorTitles":["Cross-Endpoint Authorization Enforcement"],"duration":33,"failureDetails":[],"failureMessages":[],"fullName":"Cross-Endpoint Authorization Enforcement me handles database failure gracefully (returns sanitized 500)","invocations":1,"location":null,"numPassingAsserts":3,"retryReasons":[],"status":"passed","title":"me handles database failure gracefully (returns sanitized 500)"},{"ancestorTitles":["Cross-Endpoint Authorization Enforcement"],"duration":13,"failureDetails":[],"failureMessages":[],"fullName":"Cross-Endpoint Authorization Enforcement sync handles database failure gracefully (returns sanitized 500)","invocations":1,"location":null,"numPassingAsserts":4,"retryReasons":[],"status":"passed","title":"sync handles database failure gracefully (returns sanitized 500)"},{"ancestorTitles":["Cross-Endpoint Authorization Enforcement"],"duration":6,"failureDetails":[],"failureMessages":[],"fullName":"Cross-Endpoint Authorization Enforcement questions handles database failure gracefully (returns sanitized 500)","invocations":1,"location":null,"numPassingAsserts":3,"retryReasons":[],"status":"passed","title":"questions handles database failure gracefully (returns sanitized 500)"},{"ancestorTitles":["Cross-Endpoint Authorization Enforcement"],"duration":6,"failureDetails":[],"failureMessages":[],"fullName":"Cross-Endpoint Authorization Enforcement devops handles database failure gracefully (returns sanitized 500)","invocations":1,"location":null,"numPassingAsserts":4,"retryReasons":[],"status":"passed","title":"devops handles database failure gracefully (returns sanitized 500)"},{"ancestorTitles":["Cross-Endpoint Authorization Enforcement"],"duration":6,"failureDetails":[],"failureMessages":[],"fullName":"Cross-Endpoint Authorization Enforcement action handles database failure gracefully (returns sanitized 500)","invocations":1,"location":null,"numPassingAsserts":4,"retryReasons":[],"status":"passed","title":"action handles database failure gracefully (returns sanitized 500)"},{"ancestorTitles":["Cross-Endpoint Authorization Enforcement"],"duration":14,"failureDetails":[],"failureMessages":[],"fullName":"Cross-Endpoint Authorization Enforcement devops endpoint enforces admin role (using DB role)","invocations":1,"location":null,"numPassingAsserts":2,"retryReasons":[],"status":"passed","title":"devops endpoint enforces admin role (using DB role)"},{"ancestorTitles":["Cross-Endpoint Authorization Enforcement"],"duration":29,"failureDetails":[],"failureMessages":[],"fullName":"Cross-Endpoint Authorization Enforcement devops endpoint prevents privilege escalation via tampered JWT role","invocations":1,"location":null,"numPassingAsserts":2,"retryReasons":[],"status":"passed","title":"devops endpoint prevents privilege escalation via tampered JWT role"},{"ancestorTitles":["Cross-Endpoint Authorization Enforcement"],"duration":52,"failureDetails":[],"failureMessages":[],"fullName":"Cross-Endpoint Authorization Enforcement devops endpoint allows admin access with various role casings","invocations":1,"location":null,"numPassingAsserts":3,"retryReasons":[],"status":"passed","title":"devops endpoint allows admin access with various role casings"}],"endTime":1775153124249,"message":"","name":"/app/server/src/__tests__/acceptance/auth.authorization.acceptance.test.ts","startTime":1775153123678,"status":"passed","summary":""},{"assertionResults":[],"coverage":{},"endTime":1775153132026,"message":"  ● Test suite failed to run\n\n    Cannot find module 'prismock' from 'src/__tests__/integration/infra/mail.test.ts'\n\n      1 | import { MailService } from '../../../infra/mailService';\n      2 | import { prisma as realPrisma } from '../../../infra/prisma/client';\n    > 3 | import { PrismockClient } from 'prismock';\n        | ^\n      4 | import { ensureIntegrationTestEnv } from '../setup';\n      5 | import { v4 as uuidv4 } from 'uuid';\n      6 | import nodemailer from 'nodemailer';\n\n      at Resolver._throwModNotFoundError (node_modules/jest-resolve/build/resolver.js:427:11)\n      at Object.<anonymous> (src/__tests__/integration/infra/mail.test.ts:3:1)\n","name":"/app/server/src/__tests__/integration/infra/mail.test.ts","startTime":1775153132026,"status":"failed","summary":""},{"assertionResults":[{"ancestorTitles":["Auth Session Acceptance Tests (Real DB)"],"duration":788,"failureDetails":[],"failureMessages":[],"fullName":"Auth Session Acceptance Tests (Real DB) Full User Lifecycle and Session Management","invocations":1,"location":null,"numPassingAsserts":12,"retryReasons":[],"status":"passed","title":"Full User Lifecycle and Session Management"},{"ancestorTitles":["Auth Session Acceptance Tests (Real DB)"],"duration":8,"failureDetails":[],"failureMessages":[],"fullName":"Auth Session Acceptance Tests (Real DB) should reject invalid login credentials","invocations":1,"location":null,"numPassingAsserts":1,"retryReasons":[],"status":"passed","title":"should reject invalid login credentials"},{"ancestorTitles":["Auth Session Acceptance Tests (Real DB)"],"duration":515,"failureDetails":[],"failureMessages":[],"fullName":"Auth Session Acceptance Tests (Real DB) should reject expired and tampered tokens","invocations":1,"location":null,"numPassingAsserts":2,"retryReasons":[],"status":"passed","title":"should reject expired and tampered tokens"},{"ancestorTitles":["Auth Session Acceptance Tests (Real DB)"],"duration":2,"failureDetails":[],"failureMessages":[],"fullName":"Auth Session Acceptance Tests (Real DB) should gracefully handle logout with an invalid token","invocations":1,"location":null,"numPassingAsserts":1,"retryReasons":[],"status":"passed","title":"should gracefully handle logout with an invalid token"},{"ancestorTitles":["Auth Session Acceptance Tests (Real DB)"],"duration":235,"failureDetails":[],"failureMessages":[],"fullName":"Auth Session Acceptance Tests (Real DB) OAuth Provider Sign-in","invocations":1,"location":null,"numPassingAsserts":3,"retryReasons":[],"status":"passed","title":"OAuth Provider Sign-in"},{"ancestorTitles":["Auth Session Acceptance Tests (Real DB)"],"duration":296,"failureDetails":[],"failureMessages":[],"fullName":"Auth Session Acceptance Tests (Real DB) OAuth Provider Sign-in Fails with Invalid Token","invocations":1,"location":null,"numPassingAsserts":1,"retryReasons":[],"status":"passed","title":"OAuth Provider Sign-in Fails with Invalid Token"}],"endTime":1775153126406,"message":"","name":"/app/server/src/__tests__/acceptance/auth.sessions.acceptance.test.ts","startTime":1775153124425,"status":"passed","summary":""},{"assertionResults":[{"ancestorTitles":["Authorization Logic Unit Tests","validateSession"],"duration":22,"failureDetails":[],"failureMessages":[],"fullName":"Authorization Logic Unit Tests validateSession should_return_session_and_user_given_valid_id","invocations":1,"location":null,"numPassingAsserts":2,"retryReasons":[],"status":"passed","title":"should_return_session_and_user_given_valid_id"},{"ancestorTitles":["Authorization Logic Unit Tests","validateSession"],"duration":17,"failureDetails":[],"failureMessages":[],"fullName":"Authorization Logic Unit Tests validateSession should_throw_given_non_existent_session","invocations":1,"location":null,"numPassingAsserts":1,"retryReasons":[],"status":"passed","title":"should_throw_given_non_existent_session"},{"ancestorTitles":["Authorization Logic Unit Tests","validateSession"],"duration":11,"failureDetails":[],"failureMessages":[],"fullName":"Authorization Logic Unit Tests validateSession should_throw_given_session_belongs_to_different_user","invocations":1,"location":null,"numPassingAsserts":1,"retryReasons":[],"status":"passed","title":"should_throw_given_session_belongs_to_different_user"},{"ancestorTitles":["Authorization Logic Unit Tests","validateSession"],"duration":16,"failureDetails":[],"failureMessages":[],"fullName":"Authorization Logic Unit Tests validateSession should_throw_given_session_expired","invocations":1,"location":null,"numPassingAsserts":1,"retryReasons":[],"status":"passed","title":"should_throw_given_session_expired"},{"ancestorTitles":["Authorization Logic Unit Tests","validateSession"],"duration":23,"failureDetails":[],"failureMessages":[],"fullName":"Authorization Logic Unit Tests validateSession should_throw_given_user_not_found","invocations":1,"location":null,"numPassingAsserts":1,"retryReasons":[],"status":"passed","title":"should_throw_given_user_not_found"},{"ancestorTitles":["Authorization Logic Unit Tests","authorizeRequest"],"duration":244,"failureDetails":[],"failureMessages":[],"fullName":"Authorization Logic Unit Tests authorizeRequest should_succeed_given_valid_token_and_session","invocations":1,"location":null,"numPassingAsserts":3,"retryReasons":[],"status":"passed","title":"should_succeed_given_valid_token_and_session"},{"ancestorTitles":["Authorization Logic Unit Tests","authorizeRequest"],"duration":267,"failureDetails":[],"failureMessages":[],"fullName":"Authorization Logic Unit Tests authorizeRequest should_throw_given_missing_auth_header","invocations":1,"location":null,"numPassingAsserts":1,"retryReasons":[],"status":"passed","title":"should_throw_given_missing_auth_header"},{"ancestorTitles":["Authorization Logic Unit Tests","authorizeRequest"],"duration":226,"failureDetails":[],"failureMessages":[],"fullName":"Authorization Logic Unit Tests authorizeRequest should_throw_given_malformed_auth_header","invocations":1,"location":null,"numPassingAsserts":1,"retryReasons":[],"status":"passed","title":"should_throw_given_malformed_auth_header"},{"ancestorTitles":["Authorization Logic Unit Tests","authorizeRequest"],"duration":265,"failureDetails":[],"failureMessages":[],"fullName":"Authorization Logic Unit Tests authorizeRequest should_throw_given_invalid_jwt_signature","invocations":1,"location":null,"numPassingAsserts":1,"retryReasons":[],"status":"passed","title":"should_throw_given_invalid_jwt_signature"},{"ancestorTitles":["Authorization Logic Unit Tests","authorizeRequest"],"duration":223,"failureDetails":[],"failureMessages":[],"fullName":"Authorization Logic Unit Tests authorizeRequest should_throw_given_expired_jwt","invocations":1,"location":null,"numPassingAsserts":1,"retryReasons":[],"status":"passed","title":"should_throw_given_expired_jwt"},{"ancestorTitles":["Authorization Logic Unit Tests","authorizeRequest"],"duration":303,"failureDetails":[],"failureMessages":[],"fullName":"Authorization Logic Unit Tests authorizeRequest should_throw_given_blacklisted_token","invocations":1,"location":null,"numPassingAsserts":1,"retryReasons":[],"status":"passed","title":"should_throw_given_blacklisted_token"},{"ancestorTitles":["Authorization Logic Unit Tests","authorizeRequest"],"duration":224,"failureDetails":[],"failureMessages":[],"fullName":"Authorization Logic Unit Tests authorizeRequest should_throw_given_missing_sub_or_sessionid_in_payload","invocations":1,"location":null,"numPassingAsserts":1,"retryReasons":[],"status":"passed","title":"should_throw_given_missing_sub_or_sessionid_in_payload"},{"ancestorTitles":["Authorization Logic Unit Tests","authorizeRequest"],"duration":267,"failureDetails":[],"failureMessages":[],"fullName":"Authorization Logic Unit Tests authorizeRequest should_map_to_internal_database_error_given_unexpected_db_errors","invocations":1,"location":null,"numPassingAsserts":1,"retryReasons":[],"status":"passed","title":"should_map_to_internal_database_error_given_unexpected_db_errors"}],"endTime":1775153128609,"message":"","name":"/app/server/src/__tests__/unit/auth.unit.test.ts","startTime":1775153126414,"status":"passed","summary":""},{"assertionResults":[{"ancestorTitles":["Hardened Security Acceptance Tests"],"duration":249,"failureDetails":[],"failureMessages":[],"fullName":"Hardened Security Acceptance Tests should reject valid JWT but expired session in DB","invocations":1,"location":null,"numPassingAsserts":2,"retryReasons":[],"status":"passed","title":"should reject valid JWT but expired session in DB"},{"ancestorTitles":["Hardened Security Acceptance Tests"],"duration":282,"failureDetails":[],"failureMessages":[],"fullName":"Hardened Security Acceptance Tests should reject session bound to a different user","invocations":1,"location":null,"numPassingAsserts":2,"retryReasons":[],"status":"passed","title":"should reject session bound to a different user"},{"ancestorTitles":["Hardened Security Acceptance Tests"],"duration":507,"failureDetails":[],"failureMessages":[],"fullName":"Hardened Security Acceptance Tests should reject replayed token after session deletion","invocations":1,"location":null,"numPassingAsserts":3,"retryReasons":[],"status":"passed","title":"should reject replayed token after session deletion"},{"ancestorTitles":["Hardened Security Acceptance Tests"],"duration":510,"failureDetails":[],"failureMessages":[],"fullName":"Hardened Security Acceptance Tests should allow multiple concurrent sessions for the same user","invocations":1,"location":null,"numPassingAsserts":2,"retryReasons":[],"status":"passed","title":"should allow multiple concurrent sessions for the same user"}],"endTime":1775153130263,"message":"","name":"/app/server/src/__tests__/acceptance/auth.hardened.acceptance.test.ts","startTime":1775153128617,"status":"passed","summary":""},{"assertionResults":[{"ancestorTitles":["API Routes Integration Test"],"duration":0,"failureDetails":[{}],"failureMessages":["Error: Integration tests must be explicitly enabled with RUN_INTEGRATION_TESTS=true\n    at ensureIntegrationTestEnv (/app/server/src/__tests__/integration/setup.ts:7:15)\n    at Object.<anonymous> (/app/server/src/__tests__/integration/api/routes.test.ts:15:33)\n    at Promise.then.completed (/app/server/node_modules/jest-circus/build/utils.js:298:28)\n    at new Promise (<anonymous>)\n    at callAsyncCircusFn (/app/server/node_modules/jest-circus/build/utils.js:231:10)\n    at _callCircusHook (/app/server/node_modules/jest-circus/build/run.js:281:40)\n    at _runTestsForDescribeBlock (/app/server/node_modules/jest-circus/build/run.js:95:7)\n    at _runTestsForDescribeBlock (/app/server/node_modules/jest-circus/build/run.js:121:9)\n    at run (/app/server/node_modules/jest-circus/build/run.js:71:3)\n    at runAndTransformResultsToJestFormat (/app/server/node_modules/jest-circus/build/legacy-code-todo-rewrite/jestAdapterInit.js:122:21)\n    at jestAdapter (/app/server/node_modules/jest-circus/build/legacy-code-todo-rewrite/jestAdapter.js:79:19)\n    at runTestInternal (/app/server/node_modules/jest-runner/build/runTest.js:367:16)\n    at runTest (/app/server/node_modules/jest-runner/build/runTest.js:444:34)"],"fullName":"API Routes Integration Test should update user XP via /api/engagement/action and accumulate","invocations":1,"location":null,"numPassingAsserts":0,"retryReasons":[],"status":"failed","title":"should update user XP via /api/engagement/action and accumulate"},{"ancestorTitles":["API Routes Integration Test"],"duration":0,"failureDetails":[{}],"failureMessages":["Error: Integration tests must be explicitly enabled with RUN_INTEGRATION_TESTS=true\n    at ensureIntegrationTestEnv (/app/server/src/__tests__/integration/setup.ts:7:15)\n    at Object.<anonymous> (/app/server/src/__tests__/integration/api/routes.test.ts:15:33)\n    at Promise.then.completed (/app/server/node_modules/jest-circus/build/utils.js:298:28)\n    at new Promise (<anonymous>)\n    at callAsyncCircusFn (/app/server/node_modules/jest-circus/build/utils.js:231:10)\n    at _callCircusHook (/app/server/node_modules/jest-circus/build/run.js:281:40)\n    at _runTestsForDescribeBlock (/app/server/node_modules/jest-circus/build/run.js:95:7)\n    at _runTestsForDescribeBlock (/app/server/node_modules/jest-circus/build/run.js:121:9)\n    at run (/app/server/node_modules/jest-circus/build/run.js:71:3)\n    at runAndTransformResultsToJestFormat (/app/server/node_modules/jest-circus/build/legacy-code-todo-rewrite/jestAdapterInit.js:122:21)\n    at jestAdapter (/app/server/node_modules/jest-circus/build/legacy-code-todo-rewrite/jestAdapter.js:79:19)\n    at runTestInternal (/app/server/node_modules/jest-runner/build/runTest.js:367:16)\n    at runTest (/app/server/node_modules/jest-runner/build/runTest.js:444:34)"],"fullName":"API Routes Integration Test should handle parallel API calls (concurrency)","invocations":1,"location":null,"numPassingAsserts":0,"retryReasons":[],"status":"failed","title":"should handle parallel API calls (concurrency)"},{"ancestorTitles":["API Routes Integration Test"],"duration":0,"failureDetails":[{}],"failureMessages":["Error: Integration tests must be explicitly enabled with RUN_INTEGRATION_TESTS=true\n    at ensureIntegrationTestEnv (/app/server/src/__tests__/integration/setup.ts:7:15)\n    at Object.<anonymous> (/app/server/src/__tests__/integration/api/routes.test.ts:15:33)\n    at Promise.then.completed (/app/server/node_modules/jest-circus/build/utils.js:298:28)\n    at new Promise (<anonymous>)\n    at callAsyncCircusFn (/app/server/node_modules/jest-circus/build/utils.js:231:10)\n    at _callCircusHook (/app/server/node_modules/jest-circus/build/run.js:281:40)\n    at _runTestsForDescribeBlock (/app/server/node_modules/jest-circus/build/run.js:95:7)\n    at _runTestsForDescribeBlock (/app/server/node_modules/jest-circus/build/run.js:121:9)\n    at run (/app/server/node_modules/jest-circus/build/run.js:71:3)\n    at runAndTransformResultsToJestFormat (/app/server/node_modules/jest-circus/build/legacy-code-todo-rewrite/jestAdapterInit.js:122:21)\n    at jestAdapter (/app/server/node_modules/jest-circus/build/legacy-code-todo-rewrite/jestAdapter.js:79:19)\n    at runTestInternal (/app/server/node_modules/jest-runner/build/runTest.js:367:16)\n    at runTest (/app/server/node_modules/jest-runner/build/runTest.js:444:34)"],"fullName":"API Routes Integration Test should fail on missing auth token","invocations":1,"location":null,"numPassingAsserts":0,"retryReasons":[],"status":"failed","title":"should fail on missing auth token"},{"ancestorTitles":["API Routes Integration Test"],"duration":0,"failureDetails":[{}],"failureMessages":["Error: Integration tests must be explicitly enabled with RUN_INTEGRATION_TESTS=true\n    at ensureIntegrationTestEnv (/app/server/src/__tests__/integration/setup.ts:7:15)\n    at Object.<anonymous> (/app/server/src/__tests__/integration/api/routes.test.ts:15:33)\n    at Promise.then.completed (/app/server/node_modules/jest-circus/build/utils.js:298:28)\n    at new Promise (<anonymous>)\n    at callAsyncCircusFn (/app/server/node_modules/jest-circus/build/utils.js:231:10)\n    at _callCircusHook (/app/server/node_modules/jest-circus/build/run.js:281:40)\n    at _runTestsForDescribeBlock (/app/server/node_modules/jest-circus/build/run.js:95:7)\n    at _runTestsForDescribeBlock (/app/server/node_modules/jest-circus/build/run.js:121:9)\n    at run (/app/server/node_modules/jest-circus/build/run.js:71:3)\n    at runAndTransformResultsToJestFormat (/app/server/node_modules/jest-circus/build/legacy-code-todo-rewrite/jestAdapterInit.js:122:21)\n    at jestAdapter (/app/server/node_modules/jest-circus/build/legacy-code-todo-rewrite/jestAdapter.js:79:19)\n    at runTestInternal (/app/server/node_modules/jest-runner/build/runTest.js:367:16)\n    at runTest (/app/server/node_modules/jest-runner/build/runTest.js:444:34)"],"fullName":"API Routes Integration Test should handle boundary XP values","invocations":1,"location":null,"numPassingAsserts":0,"retryReasons":[],"status":"failed","title":"should handle boundary XP values"}],"endTime":1775153130414,"message":"  ● API Routes Integration Test › should update user XP via /api/engagement/action and accumulate\n\n    Integration tests must be explicitly enabled with RUN_INTEGRATION_TESTS=true\n\n       5 | export function ensureIntegrationTestEnv() {\n       6 |     if (process.env.RUN_INTEGRATION_TESTS !== 'true') {\n    >  7 |         throw new Error('Integration tests must be explicitly enabled with RUN_INTEGRATION_TESTS=true');\n         |               ^\n       8 |     }\n       9 |\n      10 |     if (process.env.NODE_ENV === 'production') {\n\n      at ensureIntegrationTestEnv (src/__tests__/integration/setup.ts:7:15)\n      at Object.<anonymous> (src/__tests__/integration/api/routes.test.ts:15:33)\n\n  ● API Routes Integration Test › should handle parallel API calls (concurrency)\n\n    Integration tests must be explicitly enabled with RUN_INTEGRATION_TESTS=true\n\n       5 | export function ensureIntegrationTestEnv() {\n       6 |     if (process.env.RUN_INTEGRATION_TESTS !== 'true') {\n    >  7 |         throw new Error('Integration tests must be explicitly enabled with RUN_INTEGRATION_TESTS=true');\n         |               ^\n       8 |     }\n       9 |\n      10 |     if (process.env.NODE_ENV === 'production') {\n\n      at ensureIntegrationTestEnv (src/__tests__/integration/setup.ts:7:15)\n      at Object.<anonymous> (src/__tests__/integration/api/routes.test.ts:15:33)\n\n  ● API Routes Integration Test › should fail on missing auth token\n\n    Integration tests must be explicitly enabled with RUN_INTEGRATION_TESTS=true\n\n       5 | export function ensureIntegrationTestEnv() {\n       6 |     if (process.env.RUN_INTEGRATION_TESTS !== 'true') {\n    >  7 |         throw new Error('Integration tests must be explicitly enabled with RUN_INTEGRATION_TESTS=true');\n         |               ^\n       8 |     }\n       9 |\n      10 |     if (process.env.NODE_ENV === 'production') {\n\n      at ensureIntegrationTestEnv (src/__tests__/integration/setup.ts:7:15)\n      at Object.<anonymous> (src/__tests__/integration/api/routes.test.ts:15:33)\n\n  ● API Routes Integration Test › should handle boundary XP values\n\n    Integration tests must be explicitly enabled with RUN_INTEGRATION_TESTS=true\n\n       5 | export function ensureIntegrationTestEnv() {\n       6 |     if (process.env.RUN_INTEGRATION_TESTS !== 'true') {\n    >  7 |         throw new Error('Integration tests must be explicitly enabled with RUN_INTEGRATION_TESTS=true');\n         |               ^\n       8 |     }\n       9 |\n      10 |     if (process.env.NODE_ENV === 'production') {\n\n      at ensureIntegrationTestEnv (src/__tests__/integration/setup.ts:7:15)\n      at Object.<anonymous> (src/__tests__/integration/api/routes.test.ts:15:33)\n","name":"/app/server/src/__tests__/integration/api/routes.test.ts","startTime":1775153130268,"status":"failed","summary":""},{"assertionResults":[{"ancestorTitles":["Supabase Storage Integration Test"],"duration":0,"failureDetails":[{}],"failureMessages":["Error: Integration tests must be explicitly enabled with RUN_INTEGRATION_TESTS=true\n    at ensureIntegrationTestEnv (/app/server/src/__tests__/integration/setup.ts:7:15)\n    at Object.<anonymous> (/app/server/src/__tests__/integration/infra/storage.test.ts:20:29)\n    at Promise.then.completed (/app/server/node_modules/jest-circus/build/utils.js:298:28)\n    at new Promise (<anonymous>)\n    at callAsyncCircusFn (/app/server/node_modules/jest-circus/build/utils.js:231:10)\n    at _callCircusHook (/app/server/node_modules/jest-circus/build/run.js:281:40)\n    at _runTestsForDescribeBlock (/app/server/node_modules/jest-circus/build/run.js:95:7)\n    at _runTestsForDescribeBlock (/app/server/node_modules/jest-circus/build/run.js:121:9)\n    at run (/app/server/node_modules/jest-circus/build/run.js:71:3)\n    at runAndTransformResultsToJestFormat (/app/server/node_modules/jest-circus/build/legacy-code-todo-rewrite/jestAdapterInit.js:122:21)\n    at jestAdapter (/app/server/node_modules/jest-circus/build/legacy-code-todo-rewrite/jestAdapter.js:79:19)\n    at runTestInternal (/app/server/node_modules/jest-runner/build/runTest.js:367:16)\n    at runTest (/app/server/node_modules/jest-runner/build/runTest.js:444:34)"],"fullName":"Supabase Storage Integration Test should handle edge cases: zero-byte files and special characters","invocations":1,"location":null,"numPassingAsserts":0,"retryReasons":[],"status":"failed","title":"should handle edge cases: zero-byte files and special characters"},{"ancestorTitles":["Supabase Storage Integration Test"],"duration":0,"failureDetails":[{}],"failureMessages":["Error: Integration tests must be explicitly enabled with RUN_INTEGRATION_TESTS=true\n    at ensureIntegrationTestEnv (/app/server/src/__tests__/integration/setup.ts:7:15)\n    at Object.<anonymous> (/app/server/src/__tests__/integration/infra/storage.test.ts:20:29)\n    at Promise.then.completed (/app/server/node_modules/jest-circus/build/utils.js:298:28)\n    at new Promise (<anonymous>)\n    at callAsyncCircusFn (/app/server/node_modules/jest-circus/build/utils.js:231:10)\n    at _callCircusHook (/app/server/node_modules/jest-circus/build/run.js:281:40)\n    at _runTestsForDescribeBlock (/app/server/node_modules/jest-circus/build/run.js:95:7)\n    at _runTestsForDescribeBlock (/app/server/node_modules/jest-circus/build/run.js:121:9)\n    at run (/app/server/node_modules/jest-circus/build/run.js:71:3)\n    at runAndTransformResultsToJestFormat (/app/server/node_modules/jest-circus/build/legacy-code-todo-rewrite/jestAdapterInit.js:122:21)\n    at jestAdapter (/app/server/node_modules/jest-circus/build/legacy-code-todo-rewrite/jestAdapter.js:79:19)\n    at runTestInternal (/app/server/node_modules/jest-runner/build/runTest.js:367:16)\n    at runTest (/app/server/node_modules/jest-runner/build/runTest.js:444:34)"],"fullName":"Supabase Storage Integration Test should verify content replacement strictly during update","invocations":1,"location":null,"numPassingAsserts":0,"retryReasons":[],"status":"failed","title":"should verify content replacement strictly during update"}],"coverage":{},"endTime":1775153132026,"message":"  ● Supabase Storage Integration Test › should handle edge cases: zero-byte files and special characters\n\n    Integration tests must be explicitly enabled with RUN_INTEGRATION_TESTS=true\n\n       5 | export function ensureIntegrationTestEnv() {\n       6 |     if (process.env.RUN_INTEGRATION_TESTS !== 'true') {\n    >  7 |         throw new Error('Integration tests must be explicitly enabled with RUN_INTEGRATION_TESTS=true');\n         |               ^\n       8 |     }\n       9 |\n      10 |     if (process.env.NODE_ENV === 'production') {\n\n      at ensureIntegrationTestEnv (src/__tests__/integration/setup.ts:7:15)\n      at Object.<anonymous> (src/__tests__/integration/infra/storage.test.ts:20:29)\n\n  ● Supabase Storage Integration Test › should verify content replacement strictly during update\n\n    Integration tests must be explicitly enabled with RUN_INTEGRATION_TESTS=true\n\n       5 | export function ensureIntegrationTestEnv() {\n       6 |     if (process.env.RUN_INTEGRATION_TESTS !== 'true') {\n    >  7 |         throw new Error('Integration tests must be explicitly enabled with RUN_INTEGRATION_TESTS=true');\n         |               ^\n       8 |     }\n       9 |\n      10 |     if (process.env.NODE_ENV === 'production') {\n\n      at ensureIntegrationTestEnv (src/__tests__/integration/setup.ts:7:15)\n      at Object.<anonymous> (src/__tests__/integration/infra/storage.test.ts:20:29)\n\n\n  ● Test suite failed to run\n\n    TypeError: Cannot read properties of undefined (reading 'user')\n\n      32 |   afterAll(async () => {\n      33 |     if (fs.existsSync(testFilePath)) fs.unlinkSync(testFilePath);\n    > 34 |     await prisma.user.delete({ where: { id: testUserId } });\n         |                  ^\n      35 |     await prisma.$disconnect();\n      36 |   });\n      37 |\n\n      at Object.<anonymous> (src/__tests__/integration/infra/storage.test.ts:34:18)\n","name":"/app/server/src/__tests__/integration/infra/storage.test.ts","startTime":1775153132026,"status":"failed","summary":""},{"assertionResults":[],"coverage":{},"endTime":1775153132026,"message":"  ● Test suite failed to
[...]
 should handle transactional rollback","invocations":1,"location":null,"numPassingAsserts":0,"retryReasons":[],"status":"failed","title":"should handle transactional rollback"},{"ancestorTitles":["Database Integration Test"],"duration":0,"failureDetails":[{}],"failureMessages":["Error: Integration tests must be explicitly enabled with RUN_INTEGRATION_TESTS=true\n    at ensureIntegrationTestEnv (/app/server/src/__tests__/integration/setup.ts:7:15)\n    at Object.<anonymous> (/app/server/src/__tests__/integration/infra/database.test.ts:12:29)\n    at Promise.then.completed (/app/server/node_modules/jest-circus/build/utils.js:298:28)\n    at new Promise (<anonymous>)\n    at callAsyncCircusFn (/app/server/node_modules/jest-circus/build/utils.js:231:10)\n    at _callCircusHook (/app/server/node_modules/jest-circus/build/run.js:281:40)\n    at _runTestsForDescribeBlock (/app/server/node_modules/jest-circus/build/run.js:95:7)\n    at _runTestsForDescribeBlock (/app/server/node_modules/jest-circus/build/run.js:121:9)\n    at run (/app/server/node_modules/jest-circus/build/run.js:71:3)\n    at runAndTransformResultsToJestFormat (/app/server/node_modules/jest-circus/build/legacy-code-todo-rewrite/jestAdapterInit.js:122:21)\n    at jestAdapter (/app/server/node_modules/jest-circus/build/legacy-code-todo-rewrite/jestAdapter.js:79:19)\n    at runTestInternal (/app/server/node_modules/jest-runner/build/runTest.js:367:16)\n    at runTest (/app/server/node_modules/jest-runner/build/runTest.js:444:34)"],"fullName":"Database Integration Test should handle bulk operations","invocations":1,"location":null,"numPassingAsserts":0,"retryReasons":[],"status":"failed","title":"should handle bulk operations"},{"ancestorTitles":["Database Integration Test"],"duration":0,"failureDetails":[{}],"failureMessages":["Error: Integration tests must be explicitly enabled with RUN_INTEGRATION_TESTS=true\n    at ensureIntegrationTestEnv (/app/server/src/__tests__/integration/setup.ts:7:15)\n    at Object.<anonymous> (/app/server/src/__tests__/integration/infra/database.test.ts:12:29)\n    at Promise.then.completed (/app/server/node_modules/jest-circus/build/utils.js:298:28)\n    at new Promise (<anonymous>)\n    at callAsyncCircusFn (/app/server/node_modules/jest-circus/build/utils.js:231:10)\n    at _callCircusHook (/app/server/node_modules/jest-circus/build/run.js:281:40)\n    at _runTestsForDescribeBlock (/app/server/node_modules/jest-circus/build/run.js:95:7)\n    at _runTestsForDescribeBlock (/app/server/node_modules/jest-circus/build/run.js:121:9)\n    at run (/app/server/node_modules/jest-circus/build/run.js:71:3)\n    at runAndTransformResultsToJestFormat (/app/server/node_modules/jest-circus/build/legacy-code-todo-rewrite/jestAdapterInit.js:122:21)\n    at jestAdapter (/app/server/node_modules/jest-circus/build/legacy-code-todo-rewrite/jestAdapter.js:79:19)\n    at runTestInternal (/app/server/node_modules/jest-runner/build/runTest.js:367:16)\n    at runTest (/app/server/node_modules/jest-runner/build/runTest.js:444:34)"],"fullName":"Database Integration Test should enforce unique and foreign key constraints","invocations":1,"location":null,"numPassingAsserts":0,"retryReasons":[],"status":"failed","title":"should enforce unique and foreign key constraints"}],"coverage":{},"endTime":1775153132026,"message":"  ● Database Integration Test › should create and retrieve a user with engagement data\n\n    Integration tests must be explicitly enabled with RUN_INTEGRATION_TESTS=true\n\n       5 | export function ensureIntegrationTestEnv() {\n       6 |     if (process.env.RUN_INTEGRATION_TESTS !== 'true') {\n    >  7 |         throw new Error('Integration tests must be explicitly enabled with RUN_INTEGRATION_TESTS=true');\n         |               ^\n       8 |     }\n       9 |\n      10 |     if (process.env.NODE_ENV === 'production') {\n\n      at ensureIntegrationTestEnv (src/__tests__/integration/setup.ts:7:15)\n      at Object.<anonymous> (src/__tests__/integration/infra/database.test.ts:12:29)\n\n  ● Database Integration Test › should handle transactional rollback\n\n    Integration tests must be explicitly enabled with RUN_INTEGRATION_TESTS=true\n\n       5 | export function ensureIntegrationTestEnv() {\n       6 |     if (process.env.RUN_INTEGRATION_TESTS !== 'true') {\n    >  7 |         throw new Error('Integration tests must be explicitly enabled with RUN_INTEGRATION_TESTS=true');\n         |               ^\n       8 |     }\n       9 |\n      10 |     if (process.env.NODE_ENV === 'production') {\n\n      at ensureIntegrationTestEnv (src/__tests__/integration/setup.ts:7:15)\n      at Object.<anonymous> (src/__tests__/integration/infra/database.test.ts:12:29)\n\n  ● Database Integration Test › should handle bulk operations\n\n    Integration tests must be explicitly enabled with RUN_INTEGRATION_TESTS=true\n\n       5 | export function ensureIntegrationTestEnv() {\n       6 |     if (process.env.RUN_INTEGRATION_TESTS !== 'true') {\n    >  7 |         throw new Error('Integration tests must be explicitly enabled with RUN_INTEGRATION_TESTS=true');\n         |               ^\n       8 |     }\n       9 |\n      10 |     if (process.env.NODE_ENV === 'production') {\n\n      at ensureIntegrationTestEnv (src/__tests__/integration/setup.ts:7:15)\n      at Object.<anonymous> (src/__tests__/integration/infra/database.test.ts:12:29)\n\n  ● Database Integration Test › should enforce unique and foreign key constraints\n\n    Integration tests must be explicitly enabled with RUN_INTEGRATION_TESTS=true\n\n       5 | export function ensureIntegrationTestEnv() {\n       6 |     if (process.env.RUN_INTEGRATION_TESTS !== 'true') {\n    >  7 |         throw new Error('Integration tests must be explicitly enabled with RUN_INTEGRATION_TESTS=true');\n         |               ^\n       8 |     }\n       9 |\n      10 |     if (process.env.NODE_ENV === 'production') {\n\n      at ensureIntegrationTestEnv (src/__tests__/integration/setup.ts:7:15)\n      at Object.<anonymous> (src/__tests__/integration/infra/database.test.ts:12:29)\n\n\n  ● Test suite failed to run\n\n    TypeError: Cannot read properties of undefined (reading '$disconnect')\n\n      15 |\n      16 |   afterAll(async () => {\n    > 17 |     await prisma.$disconnect();\n         |                  ^\n      18 |   });\n      19 |\n      20 |   beforeEach(async () => {\n\n      at Object.<anonymous> (src/__tests__/integration/infra/database.test.ts:17:18)\n","name":"/app/server/src/__tests__/integration/infra/database.test.ts","startTime":1775153132026,"status":"failed","summary":""},{"assertionResults":[{"ancestorTitles":["Upstash Redis Cache Integration Test"],"duration":1,"failureDetails":[{}],"failureMessages":["Error: Integration tests must be explicitly enabled with RUN_INTEGRATION_TESTS=true\n    at ensureIntegrationTestEnv (/app/server/src/__tests__/integration/setup.ts:7:15)\n    at Object.<anonymous> (/app/server/src/__tests__/integration/infra/cache.test.ts:13:33)\n    at Promise.then.completed (/app/server/node_modules/jest-circus/build/utils.js:298:28)\n    at new Promise (<anonymous>)\n    at callAsyncCircusFn (/app/server/node_modules/jest-circus/build/utils.js:231:10)\n    at _callCircusHook (/app/server/node_modules/jest-circus/build/run.js:281:40)\n    at _runTestsForDescribeBlock (/app/server/node_modules/jest-circus/build/run.js:95:7)\n    at _runTestsForDescribeBlock (/app/server/node_modules/jest-circus/build/run.js:121:9)\n    at run (/app/server/node_modules/jest-circus/build/run.js:71:3)\n    at runAndTransformResultsToJestFormat (/app/server/node_modules/jest-circus/build/legacy-code-todo-rewrite/jestAdapterInit.js:122:21)\n    at jestAdapter (/app/server/node_modules/jest-circus/build/legacy-code-todo-rewrite/jestAdapter.js:79:19)\n    at runTestInternal (/app/server/node_modules/jest-runner/build/runTest.js:367:16)\n    at runTest (/app/server/node_modules/jest-runner/build/runTest.js:444:34)"],"fullName":"Upstash Redis Cache Integration Test should set, get, and delete a value with namespace isolation","invocations":1,"location":null,"numPassingAsserts":0,"retryReasons":[],"status":"failed","title":"should set, get, and delete a value with namespace isolation"},{"ancestorTitles":["Upstash Redis Cache Integration Test"],"duration":0,"failureDetails":[{}],"failureMessages":["Error: Integration tests must be explicitly enabled with RUN_INTEGRATION_TESTS=true\n    at ensureIntegrationTestEnv (/app/server/src/__tests__/integration/setup.ts:7:15)\n    at Object.<anonymous> (/app/server/src/__tests__/integration/infra/cache.test.ts:13:33)\n    at Promise.then.completed (/app/server/node_modules/jest-circus/build/utils.js:298:28)\n    at new Promise (<anonymous>)\n    at callAsyncCircusFn (/app/server/node_modules/jest-circus/build/utils.js:231:10)\n    at _callCircusHook (/app/server/node_modules/jest-circus/build/run.js:281:40)\n    at _runTestsForDescribeBlock (/app/server/node_modules/jest-circus/build/run.js:95:7)\n    at _runTestsForDescribeBlock (/app/server/node_modules/jest-circus/build/run.js:121:9)\n    at run (/app/server/node_modules/jest-circus/build/run.js:71:3)\n    at runAndTransformResultsToJestFormat (/app/server/node_modules/jest-circus/build/legacy-code-todo-rewrite/jestAdapterInit.js:122:21)\n    at jestAdapter (/app/server/node_modules/jest-circus/build/legacy-code-todo-rewrite/jestAdapter.js:79:19)\n    at runTestInternal (/app/server/node_modules/jest-runner/build/runTest.js:367:16)\n    at runTest (/app/server/node_modules/jest-runner/build/runTest.js:444:34)"],"fullName":"Upstash Redis Cache Integration Test should return null for cache miss (non-existent key)","invocations":1,"location":null,"numPassingAsserts":0,"retryReasons":[],"status":"failed","title":"should return null for cache miss (non-existent key)"},{"ancestorTitles":["Upstash Redis Cache Integration Test"],"duration":0,"failureDetails":[{}],"failureMessages":["Error: Integration tests must be explicitly enabled with RUN_INTEGRATION_TESTS=true\n    at ensureIntegrationTestEnv (/app/server/src/__tests__/integration/setup.ts:7:15)\n    at Object.<anonymous> (/app/server/src/__tests__/integration/infra/cache.test.ts:13:33)\n    at Promise.then.completed (/app/server/node_modules/jest-circus/build/utils.js:298:28)\n    at new Promise (<anonymous>)\n    at callAsyncCircusFn (/app/server/node_modules/jest-circus/build/utils.js:231:10)\n    at _callCircusHook (/app/server/node_modules/jest-circus/build/run.js:281:40)\n    at _runTestsForDescribeBlock (/app/server/node_modules/jest-circus/build/run.js:95:7)\n    at _runTestsForDescribeBlock (/app/server/node_modules/jest-circus/build/run.js:121:9)\n    at run (/app/server/node_modules/jest-circus/build/run.js:71:3)\n    at runAndTransformResultsToJestFormat (/app/server/node_modules/jest-circus/build/legacy-code-todo-rewrite/jestAdapterInit.js:122:21)\n    at jestAdapter (/app/server/node_modules/jest-circus/build/legacy-code-todo-rewrite/jestAdapter.js:79:19)\n    at runTestInternal (/app/server/node_modules/jest-runner/build/runTest.js:367:16)\n    at runTest (/app/server/node_modules/jest-runner/build/runTest.js:444:34)"],"fullName":"Upstash Redis Cache Integration Test should handle TTL edge cases","invocations":1,"location":null,"numPassingAsserts":0,"retryReasons":[],"status":"failed","title":"should handle TTL edge cases"},{"ancestorTitles":["Upstash Redis Cache Integration Test"],"duration":0,"failureDetails":[{}],"failureMessages":["Error: Integration tests must be explicitly enabled with RUN_INTEGRATION_TESTS=true\n    at ensureIntegrationTestEnv (/app/server/src/__tests__/integration/setup.ts:7:15)\n    at Object.<anonymous> (/app/server/src/__tests__/integration/infra/cache.test.ts:13:33)\n    at Promise.then.completed (/app/server/node_modules/jest-circus/build/utils.js:298:28)\n    at new Promise (<anonymous>)\n    at callAsyncCircusFn (/app/server/node_modules/jest-circus/build/utils.js:231:10)\n    at _callCircusHook (/app/server/node_modules/jest-circus/build/run.js:281:40)\n    at _runTestsForDescribeBlock (/app/server/node_modules/jest-circus/build/run.js:95:7)\n    at _runTestsForDescribeBlock (/app/server/node_modules/jest-circus/build/run.js:121:9)\n    at run (/app/server/node_modules/jest-circus/build/run.js:71:3)\n    at runAndTransformResultsToJestFormat (/app/server/node_modules/jest-circus/build/legacy-code-todo-rewrite/jestAdapterInit.js:122:21)\n    at jestAdapter (/app/server/node_modules/jest-circus/build/legacy-code-todo-rewrite/jestAdapter.js:79:19)\n    at runTestInternal (/app/server/node_modules/jest-runner/build/runTest.js:367:16)\n    at runTest (/app/server/node_modules/jest-runner/build/runTest.js:444:34)"],"fullName":"Upstash Redis Cache Integration Test should respect TTL using polling","invocations":1,"location":null,"numPassingAsserts":0,"retryReasons":[],"status":"failed","title":"should respect TTL using polling"},{"ancestorTitles":["Upstash Redis Cache Integration Test"],"duration":0,"failureDetails":[{}],"failureMessages":["Error: Integration tests must be explicitly enabled with RUN_INTEGRATION_TESTS=true\n    at ensureIntegrationTestEnv (/app/server/src/__tests__/integration/setup.ts:7:15)\n    at Object.<anonymous> (/app/server/src/__tests__/integration/infra/cache.test.ts:13:33)\n    at Promise.then.completed (/app/server/node_modules/jest-circus/build/utils.js:298:28)\n    at new Promise (<anonymous>)\n    at callAsyncCircusFn (/app/server/node_modules/jest-circus/build/utils.js:231:10)\n    at _callCircusHook (/app/server/node_modules/jest-circus/build/run.js:281:40)\n    at _runTestsForDescribeBlock (/app/server/node_modules/jest-circus/build/run.js:95:7)\n    at _runTestsForDescribeBlock (/app/server/node_modules/jest-circus/build/run.js:121:9)\n    at run (/app/server/node_modules/jest-circus/build/run.js:71:3)\n    at runAndTransformResultsToJestFormat (/app/server/node_modules/jest-circus/build/legacy-code-todo-rewrite/jestAdapterInit.js:122:21)\n    at jestAdapter (/app/server/node_modules/jest-circus/build/legacy-code-todo-rewrite/jestAdapter.js:79:19)\n    at runTestInternal (/app/server/node_modules/jest-runner/build/runTest.js:367:16)\n    at runTest (/app/server/node_modules/jest-runner/build/runTest.js:444:34)"],"fullName":"Upstash Redis Cache Integration Test should handle parallel writes and maintain consistency","invocations":1,"location":null,"numPassingAsserts":0,"retryReasons":[],"status":"failed","title":"should handle parallel writes and maintain consistency"}],"endTime":1775153130785,"message":"  ● Upstash Redis Cache Integration Test › should set, get, and delete a value with namespace isolation\n\n    Integration tests must be explicitly enabled with RUN_INTEGRATION_TESTS=true\n\n       5 | export function ensureIntegrationTestEnv() {\n       6 |     if (process.env.RUN_INTEGRATION_TESTS !== 'true') {\n    >  7 |         throw new Error('Integration tests must be explicitly enabled with RUN_INTEGRATION_TESTS=true');\n         |               ^\n       8 |     }\n       9 |\n      10 |     if (process.env.NODE_ENV === 'production') {\n\n      at ensureIntegrationTestEnv (src/__tests__/integration/setup.ts:7:15)\n      at Object.<anonymous> (src/__tests__/integration/infra/cache.test.ts:13:33)\n\n  ● Upstash Redis Cache Integration Test › should return null for cache miss (non-existent key)\n\n    Integration tests must be explicitly enabled with RUN_INTEGRATION_TESTS=true\n\n       5 | export function ensureIntegrationTestEnv() {\n       6 |     if (process.env.RUN_INTEGRATION_TESTS !== 'true') {\n    >  7 |         throw new Error('Integration tests must be explicitly enabled with RUN_INTEGRATION_TESTS=true');\n         |               ^\n       8 |     }\n       9 |\n      10 |     if (process.env.NODE_ENV === 'production') {\n\n      at ensureIntegrationTestEnv (src/__tests__/integration/setup.ts:7:15)\n      at Object.<anonymous> (src/__tests__/integration/infra/cache.test.ts:13:33)\n\n  ● Upstash Redis Cache Integration Test › should handle TTL edge cases\n\n    Integration tests must be explicitly enabled with RUN_INTEGRATION_TESTS=true\n\n       5 | export function ensureIntegrationTestEnv() {\n       6 |     if (process.env.RUN_INTEGRATION_TESTS !== 'true') {\n    >  7 |         throw new Error('Integration tests must be explicitly enabled with RUN_INTEGRATION_TESTS=true');\n         |               ^\n       8 |     }\n       9 |\n      10 |     if (process.env.NODE_ENV === 'production') {\n\n      at ensureIntegrationTestEnv (src/__tests__/integration/setup.ts:7:15)\n      at Object.<anonymous> (src/__tests__/integration/infra/cache.test.ts:13:33)\n\n  ● Upstash Redis Cache Integration Test › should respect TTL using polling\n\n    Integration tests must be explicitly enabled with RUN_INTEGRATION_TESTS=true\n\n       5 | export function ensureIntegrationTestEnv() {\n       6 |     if (process.env.RUN_INTEGRATION_TESTS !== 'true') {\n    >  7 |         throw new Error('Integration tests must be explicitly enabled with RUN_INTEGRATION_TESTS=true');\n         |               ^\n       8 |     }\n       9 |\n      10 |     if (process.env.NODE_ENV === 'production') {\n\n      at ensureIntegrationTestEnv (src/__tests__/integration/setup.ts:7:15)\n      at Object.<anonymous> (src/__tests__/integration/infra/cache.test.ts:13:33)\n\n  ● Upstash Redis Cache Integration Test › should handle parallel writes and maintain consistency\n\n    Integration tests must be explicitly enabled with RUN_INTEGRATION_TESTS=true\n\n       5 | export function ensureIntegrationTestEnv() {\n       6 |     if (process.env.RUN_INTEGRATION_TESTS !== 'true') {\n    >  7 |         throw new Error('Integration tests must be explicitly enabled with RUN_INTEGRATION_TESTS=true');\n         |               ^\n       8 |     }\n       9 |\n      10 |     if (process.env.NODE_ENV === 'production') {\n\n      at ensureIntegrationTestEnv (src/__tests__/integration/setup.ts:7:15)\n      at Object.<anonymous> (src/__tests__/integration/infra/cache.test.ts:13:33)\n","name":"/app/server/src/__tests__/integration/infra/cache.test.ts","startTime":1775153130731,"status":"failed","summary":""},{"assertionResults":[{"ancestorTitles":["FileCacheProvider Integration Test"],"duration":6,"failureDetails":[],"failureMessages":[],"fullName":"FileCacheProvider Integration Test should set, get, and delete a value","invocations":1,"location":null,"numPassingAsserts":2,"retryReasons":[],"status":"passed","title":"should set, get, and delete a value"},{"ancestorTitles":["FileCacheProvider Integration Test"],"duration":1105,"failureDetails":[],"failureMessages":[],"fullName":"FileCacheProvider Integration Test should respect TTL","invocations":1,"location":null,"numPassingAsserts":2,"retryReasons":[],"status":"passed","title":"should respect TTL"},{"ancestorTitles":["FileCacheProvider Integration Test"],"duration":19,"failureDetails":[],"failureMessages":[],"fullName":"FileCacheProvider Integration Test should enforce size limit (evict oldest)","invocations":1,"location":null,"numPassingAsserts":3,"retryReasons":[],"status":"passed","title":"should enforce size limit (evict oldest)"}],"endTime":1775153131980,"message":"","name":"/app/server/src/__tests__/integration/infra/fileCache.test.ts","startTime":1775153130794,"status":"passed","summary":""},{"assertionResults":[],"coverage":{},"endTime":1775153132026,"message":"  ● Test suite failed to run\n\n    Your test suite must contain at least one test.\n\n      at onResult (node_modules/@jest/core/build/TestScheduler.js:133:18)\n      at node_modules/@jest/core/build/TestScheduler.js:254:19\n      at node_modules/emittery/index.js:363:13\n          at Array.map (<anonymous>)\n      at Emittery.emit (node_modules/emittery/index.js:361:23)\n","name":"/app/server/src/__tests__/integration/setup.ts","startTime":1775153132026,"status":"failed","summary":""}],"wasInterrupted":false}
